SF:D:\dev\projects\onix_workspace\onixapi\sources\Onix\Api\Utils\BusinessOperationUtils.cs
FN:11,System.Void Onix.Api.Utils.BusinessOperationUtils::PopulateRow(Onix.Api.Commons.IDatabaseQuery,Onix.Api.Commons.CTable,System.String,System.Collections.ArrayList)
FNDA:2,System.Void Onix.Api.Utils.BusinessOperationUtils::PopulateRow(Onix.Api.Commons.IDatabaseQuery,Onix.Api.Commons.CTable,System.String,System.Collections.ArrayList)
DA:12,2
DA:13,2
DA:14,2
DA:16,2
DA:17,2
LF:5
LH:5
BRF:0
BRH:0
FNF:1
FNH:1
end_of_record
SF:D:\dev\projects\onix_workspace\onixapi\sources\Onix\Api\Utils\DateUtils.cs
FN:7,System.String Onix.Api.Utils.DateUtils::DateTimeToDateStringInternalMin(System.Nullable`1<System.DateTime>)
FNDA:12,System.String Onix.Api.Utils.DateUtils::DateTimeToDateStringInternalMin(System.Nullable`1<System.DateTime>)
DA:8,12
DA:9,12
DA:10,4
DA:11,4
DA:14,8
DA:16,8
DA:17,8
DA:18,12
BRDA:9,13,0,4
BRDA:9,13,1,8
FN:20,System.String Onix.Api.Utils.DateUtils::DateTimeToDateStringInternalMax(System.Nullable`1<System.DateTime>)
FNDA:11,System.String Onix.Api.Utils.DateUtils::DateTimeToDateStringInternalMax(System.Nullable`1<System.DateTime>)
DA:21,11
DA:22,11
DA:23,4
DA:24,4
DA:27,7
DA:29,7
DA:30,7
DA:31,11
BRDA:22,13,0,4
BRDA:22,13,1,7
FN:33,System.String Onix.Api.Utils.DateUtils::DateTimeToDateStringInternal(System.Nullable`1<System.DateTime>)
FNDA:111382,System.String Onix.Api.Utils.DateUtils::DateTimeToDateStringInternal(System.Nullable`1<System.DateTime>)
DA:34,111382
DA:35,111382
DA:36,111382
DA:37,111378
DA:38,111378
DA:39,111378
DA:40,111378
DA:41,111382
DA:42,111382
BRDA:36,16,0,111378
BRDA:36,16,1,111382
FN:44,System.DateTime Onix.Api.Utils.DateUtils::InternalDateToDate(System.String)
FNDA:20,System.DateTime Onix.Api.Utils.DateUtils::InternalDateToDate(System.String)
DA:45,20
DA:48,20
DA:49,4
DA:50,4
DA:54,16
DA:55,16
DA:56,11
DA:57,5
DA:58,5
DA:59,5
DA:60,5
DA:62,16
DA:63,20
BRDA:48,9,0,4
BRDA:48,9,1,16
LF:38
LH:38
BRF:8
BRH:8
FNF:4
FNH:4
end_of_record
SF:D:\dev\projects\onix_workspace\onixapi\sources\Onix\Api\Utils\FilterFunctionUtils.cs
FN:12,System.String Onix.Api.Utils.FilterFunctionUtils::GetCurrentDateTimeStr(System.String)
FNDA:111370,System.String Onix.Api.Utils.FilterFunctionUtils::GetCurrentDateTimeStr(System.String)
DA:13,111370
DA:14,111370
DA:15,111370
DA:17,111370
DA:18,111370
FN:20,System.Void Onix.Api.Utils.FilterFunctionUtils::initFilterFuncMap()
FNDA:1,System.Void Onix.Api.Utils.FilterFunctionUtils::initFilterFuncMap()
DA:21,1
DA:22,1
DA:23,1
FN:25,System.Void Onix.Api.Utils.FilterFunctionUtils::addFilterFunc(System.String,Onix.Api.Utils.FilterFuncDelegate)
FNDA:1,System.Void Onix.Api.Utils.FilterFunctionUtils::addFilterFunc(System.String,Onix.Api.Utils.FilterFuncDelegate)
DA:26,1
DA:27,1
DA:28,1
FN:30,System.String Onix.Api.Utils.FilterFunctionUtils::invoke(System.String,System.String)
FNDA:737787,System.String Onix.Api.Utils.FilterFunctionUtils::invoke(System.String,System.String)
DA:31,737787
DA:32,737787
DA:33,1
DA:34,1
DA:35,1
DA:36,1
DA:38,737787
DA:39,737787
DA:40,626417
DA:41,626417
DA:44,111370
DA:46,111370
DA:47,737787
BRDA:32,11,0,1
BRDA:32,11,1,737787
BRDA:39,54,0,113374
BRDA:39,54,1,624413
BRDA:39,65,0,626417
BRDA:39,65,1,111370
FN:9,System.Void Onix.Api.Utils.FilterFunctionUtils::.cctor()
FNDA:1,System.Void Onix.Api.Utils.FilterFunctionUtils::.cctor()
DA:10,1
LF:25
LH:25
BRF:6
BRH:6
FNF:5
FNH:5
end_of_record
SF:D:\dev\projects\onix_workspace\onixapi\sources\Onix\Api\Utils\LibSetting.cs
FN:28,Onix.Api.Utils.LibSetting Onix.Api.Utils.LibSetting::GetInstance()
FNDA:2,Onix.Api.Utils.LibSetting Onix.Api.Utils.LibSetting::GetInstance()
DA:29,2
DA:30,2
DA:31,2
FN:35,System.Void Onix.Api.Utils.LibSetting::set_Configuration(Microsoft.Extensions.Configuration.IConfigurationRoot)
FNDA:2,System.Void Onix.Api.Utils.LibSetting::set_Configuration(Microsoft.Extensions.Configuration.IConfigurationRoot)
DA:36,2
DA:37,2
DA:38,2
DA:39,2
DA:41,2
DA:42,2
FN:44,Microsoft.Extensions.Configuration.IConfigurationRoot Onix.Api.Utils.LibSetting::get_Configuration()
FNDA:1,Microsoft.Extensions.Configuration.IConfigurationRoot Onix.Api.Utils.LibSetting::get_Configuration()
DA:45,1
DA:46,1
DA:47,1
FN:52,System.Void Onix.Api.Utils.LibSetting::set_LogFactory(Microsoft.Extensions.Logging.ILoggerFactory)
FNDA:2,System.Void Onix.Api.Utils.LibSetting::set_LogFactory(Microsoft.Extensions.Logging.ILoggerFactory)
DA:53,2
DA:54,2
DA:55,2
FN:57,Microsoft.Extensions.Logging.ILoggerFactory Onix.Api.Utils.LibSetting::get_LogFactory()
FNDA:3,Microsoft.Extensions.Logging.ILoggerFactory Onix.Api.Utils.LibSetting::get_LogFactory()
DA:58,3
DA:59,3
DA:60,3
FN:65,System.Void Onix.Api.Utils.LibSetting::set_ConnectionString(System.String)
FNDA:1,System.Void Onix.Api.Utils.LibSetting::set_ConnectionString(System.String)
DA:66,1
DA:67,1
DA:68,1
FN:70,System.String Onix.Api.Utils.LibSetting::get_ConnectionString()
FNDA:2,System.String Onix.Api.Utils.LibSetting::get_ConnectionString()
DA:71,2
DA:72,2
DA:73,2
FN:78,System.Void Onix.Api.Utils.LibSetting::set_OAuthKey(System.String)
FNDA:1,System.Void Onix.Api.Utils.LibSetting::set_OAuthKey(System.String)
DA:79,1
DA:80,1
DA:81,1
FN:83,System.String Onix.Api.Utils.LibSetting::get_OAuthKey()
FNDA:2,System.String Onix.Api.Utils.LibSetting::get_OAuthKey()
DA:84,2
DA:85,2
DA:86,2
FN:91,System.Void Onix.Api.Utils.LibSetting::set_ExternalApplicationKey(System.String)
FNDA:1,System.Void Onix.Api.Utils.LibSetting::set_ExternalApplicationKey(System.String)
DA:92,1
DA:93,1
DA:94,1
FN:96,System.String Onix.Api.Utils.LibSetting::get_ExternalApplicationKey()
FNDA:2,System.String Onix.Api.Utils.LibSetting::get_ExternalApplicationKey()
DA:97,2
DA:98,2
DA:99,2
FN:11,System.Void Onix.Api.Utils.LibSetting::.ctor()
FNDA:1,System.Void Onix.Api.Utils.LibSetting::.ctor()
DA:12,1
DA:13,1
DA:14,1
DA:15,1
DA:16,1
DA:18,1
DA:19,1
DA:20,1
DA:21,2
DA:22,2
DA:23,2
DA:25,1
DA:26,1
BRDA:21,68,0,2
BRDA:21,68,1,2
FN:9,System.Void Onix.Api.Utils.LibSetting::.cctor()
FNDA:1,System.Void Onix.Api.Utils.LibSetting::.cctor()
DA:10,1
LF:50
LH:50
BRF:2
BRH:2
FNF:13
FNH:13
end_of_record
SF:D:\dev\projects\onix_workspace\onixapi\sources\Onix\Api\Utils\VersionUtils.cs
FN:8,System.String Onix.Api.Utils.VersionUtils::GetVersion()
FNDA:1,System.String Onix.Api.Utils.VersionUtils::GetVersion()
DA:9,1
DA:10,1
DA:11,1
DA:12,1
LF:4
LH:4
BRF:0
BRH:0
FNF:1
FNH:1
end_of_record
SF:D:\dev\projects\onix_workspace\onixapi\sources\Onix\Api\Utils\Serializers\CRoot.cs
FN:21,Onix.Api.Commons.CTable Onix.Api.Utils.Serializers.CRoot::get_Param()
FNDA:13,Onix.Api.Commons.CTable Onix.Api.Utils.Serializers.CRoot::get_Param()
DA:22,13
DA:23,13
DA:24,13
FN:26,System.Void Onix.Api.Utils.Serializers.CRoot::set_Param(Onix.Api.Commons.CTable)
FNDA:12,System.Void Onix.Api.Utils.Serializers.CRoot::set_Param(Onix.Api.Commons.CTable)
DA:27,12
DA:28,12
DA:29,12
FN:34,Onix.Api.Commons.CTable Onix.Api.Utils.Serializers.CRoot::get_Data()
FNDA:12,Onix.Api.Commons.CTable Onix.Api.Utils.Serializers.CRoot::get_Data()
DA:35,12
DA:36,12
DA:37,12
FN:39,System.Void Onix.Api.Utils.Serializers.CRoot::set_Data(Onix.Api.Commons.CTable)
FNDA:12,System.Void Onix.Api.Utils.Serializers.CRoot::set_Data(Onix.Api.Commons.CTable)
DA:40,12
DA:41,12
DA:42,12
FN:9,System.Void Onix.Api.Utils.Serializers.CRoot::.ctor(Onix.Api.Commons.CTable,Onix.Api.Commons.CTable)
FNDA:13,System.Void Onix.Api.Utils.Serializers.CRoot::.ctor(Onix.Api.Commons.CTable,Onix.Api.Commons.CTable)
DA:10,13
DA:11,13
DA:13,13
DA:14,13
DA:15,13
DA:16,13
DA:17,13
LF:19
LH:19
BRF:0
BRH:0
FNF:5
FNH:5
end_of_record
SF:D:\dev\projects\onix_workspace\onixapi\sources\Onix\Api\Utils\Serializers\CTableToXml.cs
FN:18,System.String Onix.Api.Utils.Serializers.CTableToXml::Serialize()
FNDA:4,System.String Onix.Api.Utils.Serializers.CTableToXml::Serialize()
DA:19,4
DA:20,4
DA:21,4
DA:22,4
FN:24,System.Xml.XmlElement Onix.Api.Utils.Serializers.CTableToXml::createElementFromTable(System.Xml.XmlDocument,Onix.Api.Commons.CTable)
FNDA:12,System.Xml.XmlElement Onix.Api.Utils.Serializers.CTableToXml::createElementFromTable(System.Xml.XmlDocument,Onix.Api.Commons.CTable)
DA:25,12
DA:26,12
DA:27,12
DA:28,12
DA:30,68
DA:31,16
DA:32,16
DA:33,16
DA:34,16
DA:35,16
DA:37,16
DA:38,16
DA:40,12
DA:41,40
DA:42,2
DA:43,2
DA:45,2
DA:46,2
DA:47,2
DA:49,14
DA:50,4
DA:52,4
DA:53,4
DA:54,4
DA:55,2
DA:57,12
DA:58,12
BRDA:30,130,1,16
BRDA:30,130,0,12
BRDA:41,338,1,2
BRDA:49,304,1,4
BRDA:49,304,0,2
BRDA:41,338,0,12
FN:60,System.String Onix.Api.Utils.Serializers.CTableToXml::createXMLString(Onix.Api.Utils.Serializers.CRoot)
FNDA:4,System.String Onix.Api.Utils.Serializers.CTableToXml::createXMLString(Onix.Api.Utils.Serializers.CRoot)
DA:61,4
DA:62,4
DA:63,4
DA:64,4
DA:65,4
DA:67,4
DA:69,4
DA:70,4
DA:72,4
DA:73,4
DA:75,4
DA:76,4
DA:77,4
FN:10,System.Void Onix.Api.Utils.Serializers.CTableToXml::.ctor(Onix.Api.Utils.Serializers.CRoot)
FNDA:4,System.Void Onix.Api.Utils.Serializers.CTableToXml::.ctor(Onix.Api.Utils.Serializers.CRoot)
DA:11,4
DA:13,4
DA:14,4
DA:15,4
DA:16,4
LF:49
LH:49
BRF:6
BRH:6
FNF:4
FNH:4
end_of_record
SF:D:\dev\projects\onix_workspace\onixapi\sources\Onix\Api\Utils\Serializers\XmlToCTable.cs
FN:18,Onix.Api.Utils.Serializers.CRoot Onix.Api.Utils.Serializers.XmlToCTable::Deserialize()
FNDA:13,Onix.Api.Utils.Serializers.CRoot Onix.Api.Utils.Serializers.XmlToCTable::Deserialize()
DA:19,13
DA:20,13
DA:21,13
DA:22,13
FN:24,Onix.Api.Utils.Serializers.CRoot Onix.Api.Utils.Serializers.XmlToCTable::XMLToRootObject()
FNDA:13,Onix.Api.Utils.Serializers.CRoot Onix.Api.Utils.Serializers.XmlToCTable::XMLToRootObject()
DA:25,13
DA:26,13
DA:28,13
DA:29,13
DA:30,13
DA:31,12
DA:32,12
DA:33,1
DA:34,1
DA:35,1
DA:36,1
DA:38,1
DA:39,1
DA:41,1
DA:42,1
DA:44,13
DA:45,13
FN:48,Onix.Api.Commons.CTable Onix.Api.Utils.Serializers.XmlToCTable::populateTableObject(System.Xml.XmlNode)
FNDA:36,Onix.Api.Commons.CTable Onix.Api.Utils.Serializers.XmlToCTable::populateTableObject(System.Xml.XmlNode)
DA:49,36
DA:50,36
DA:52,216
DA:53,54
DA:54,54
DA:55,48
DA:56,48
DA:57,48
DA:58,6
DA:59,6
DA:60,6
DA:62,6
DA:63,6
DA:65,42
DA:66,12
DA:68,12
DA:69,12
DA:71,12
DA:72,12
DA:73,12
DA:74,12
DA:75,6
DA:76,54
DA:78,36
DA:79,36
BRDA:52,305,1,54
BRDA:54,77,0,48
BRDA:54,77,1,6
BRDA:58,140,0,6
BRDA:65,271,1,12
BRDA:68,239,0,12
BRDA:68,239,1,12
BRDA:65,271,0,6
BRDA:58,140,1,54
BRDA:52,305,0,36
FN:81,Onix.Api.Utils.Serializers.CRoot Onix.Api.Utils.Serializers.XmlToCTable::getRootObject(System.Xml.XmlNode)
FNDA:12,Onix.Api.Utils.Serializers.CRoot Onix.Api.Utils.Serializers.XmlToCTable::getRootObject(System.Xml.XmlNode)
DA:82,12
DA:83,12
DA:84,12
DA:85,12
DA:87,12
DA:88,84
DA:89,24
DA:90,24
DA:91,12
DA:92,12
DA:93,12
DA:94,12
DA:95,12
DA:96,12
DA:97,12
DA:99,24
DA:100,24
DA:102,12
DA:103,12
DA:105,12
DA:106,12
BRDA:88,102,1,24
BRDA:90,54,0,12
BRDA:90,54,1,12
BRDA:94,77,0,12
BRDA:94,77,1,24
BRDA:88,102,0,12
FN:12,System.Void Onix.Api.Utils.Serializers.XmlToCTable::.ctor(System.String)
FNDA:13,System.Void Onix.Api.Utils.Serializers.XmlToCTable::.ctor(System.String)
DA:13,13
DA:14,13
DA:15,13
DA:16,13
LF:71
LH:71
BRF:16
BRH:16
FNF:5
FNH:5
end_of_record
SF:D:\dev\projects\onix_workspace\onixapi\sources\Onix\Api\Factories\FactoryBusinessOperation.cs
FN:13,System.Void Onix.Api.Factories.FactoryBusinessOperation::addClassConfig(System.String,System.String,Onix.Api.Commons.Business.BusinessOperationOption)
FNDA:4,System.Void Onix.Api.Factories.FactoryBusinessOperation::addClassConfig(System.String,System.String,Onix.Api.Commons.Business.BusinessOperationOption)
DA:14,4
DA:15,4
DA:16,4
DA:17,4
FN:24,System.Void Onix.Api.Factories.FactoryBusinessOperation::initClassMap()
FNDA:1,System.Void Onix.Api.Factories.FactoryBusinessOperation::initClassMap()
DA:25,1
DA:27,1
DA:28,1
DA:30,1
DA:31,1
DA:32,1
DA:34,1
DA:35,1
FN:37,Onix.Api.Commons.Business.IBusinessOperation Onix.Api.Factories.FactoryBusinessOperation::CreateBusinessOperationObject(System.String)
FNDA:5,Onix.Api.Commons.Business.IBusinessOperation Onix.Api.Factories.FactoryBusinessOperation::CreateBusinessOperationObject(System.String)
DA:38,5
DA:39,5
DA:40,5
DA:41,1
DA:42,1
DA:45,4
DA:46,4
DA:48,4
DA:49,4
BRDA:40,24,0,1
BRDA:40,24,1,4
FN:51,Onix.Api.Commons.Business.BusinessOperationOption Onix.Api.Factories.FactoryBusinessOperation::GetBusinessOperationAllowedRole(System.String)
FNDA:2,Onix.Api.Commons.Business.BusinessOperationOption Onix.Api.Factories.FactoryBusinessOperation::GetBusinessOperationAllowedRole(System.String)
DA:52,2
DA:53,2
DA:54,2
DA:55,2
FN:9,System.Void Onix.Api.Factories.FactoryBusinessOperation::.cctor()
FNDA:1,System.Void Onix.Api.Factories.FactoryBusinessOperation::.cctor()
DA:10,1
DA:11,1
DA:20,1
DA:21,1
DA:22,1
LF:30
LH:30
BRF:2
BRH:2
FNF:5
FNH:5
end_of_record
SF:D:\dev\projects\onix_workspace\onixapi\sources\Onix\Api\Factories\FactoryDbContext.cs
FN:13,System.Collections.Hashtable Onix.Api.Factories.FactoryDbContext::initContextMap()
FNDA:1,System.Collections.Hashtable Onix.Api.Factories.FactoryDbContext::initContextMap()
DA:14,1
DA:15,1
DA:17,1
DA:18,1
DA:20,1
DA:21,1
FN:23,Microsoft.EntityFrameworkCore.DbContext Onix.Api.Factories.FactoryDbContext::GetDbContext(System.String)
FNDA:0,Microsoft.EntityFrameworkCore.DbContext Onix.Api.Factories.FactoryDbContext::GetDbContext(System.String)
DA:24,0
DA:25,0
DA:26,0
DA:27,0
DA:28,0
DA:30,0
DA:31,0
DA:32,0
DA:33,0
DA:34,0
DA:35,0
DA:36,0
DA:38,0
DA:39,0
DA:41,0
DA:42,0
BRDA:25,11,0,0
BRDA:25,11,1,0
BRDA:31,48,0,0
BRDA:31,48,1,0
FN:44,Microsoft.EntityFrameworkCore.DbContext Onix.Api.Factories.FactoryDbContext::GetDbContextForTesting(System.String,Microsoft.EntityFrameworkCore.DbContextOptions)
FNDA:89,Microsoft.EntityFrameworkCore.DbContext Onix.Api.Factories.FactoryDbContext::GetDbContextForTesting(System.String,Microsoft.EntityFrameworkCore.DbContextOptions)
DA:45,89
DA:48,89
DA:49,1
DA:50,1
DA:51,1
DA:53,89
DA:54,89
DA:55,89
DA:56,89
DA:58,89
DA:59,89
BRDA:48,11,0,1
BRDA:48,11,1,89
FN:9,System.Void Onix.Api.Factories.FactoryDbContext::.cctor()
FNDA:1,System.Void Onix.Api.Factories.FactoryDbContext::.cctor()
DA:10,1
DA:11,1
LF:35
LH:19
BRF:6
BRH:2
FNF:4
FNH:3
end_of_record
SF:D:\dev\projects\onix_workspace\onixapi\sources\Onix\Api\Factories\FactoryDbOperation.cs
FN:14,System.Void Onix.Api.Factories.FactoryDbOperation::initQueryClassMap()
FNDA:1,System.Void Onix.Api.Factories.FactoryDbOperation::initQueryClassMap()
DA:15,1
DA:16,1
DA:18,1
DA:19,1
DA:20,1
FN:22,System.Void Onix.Api.Factories.FactoryDbOperation::initDataManipulationClassMap()
FNDA:1,System.Void Onix.Api.Factories.FactoryDbOperation::initDataManipulationClassMap()
DA:23,1
DA:24,1
DA:25,1
DA:26,1
DA:27,1
DA:29,1
DA:31,1
DA:32,1
DA:33,1
DA:34,1
FN:42,Onix.Api.Commons.IDatabaseQuery Onix.Api.Factories.FactoryDbOperation::GetQueryObject(System.String,Microsoft.EntityFrameworkCore.DbContext)
FNDA:92,Onix.Api.Commons.IDatabaseQuery Onix.Api.Factories.FactoryDbOperation::GetQueryObject(System.String,Microsoft.EntityFrameworkCore.DbContext)
DA:43,92
DA:44,92
DA:45,92
DA:46,92
DA:48,92
DA:49,92
FN:51,Onix.Api.Commons.IDatabaseManipulation Onix.Api.Factories.FactoryDbOperation::GetDataManipulationObject(System.String,Microsoft.EntityFrameworkCore.DbContext)
FNDA:96,Onix.Api.Commons.IDatabaseManipulation Onix.Api.Factories.FactoryDbOperation::GetDataManipulationObject(System.String,Microsoft.EntityFrameworkCore.DbContext)
DA:52,96
DA:53,96
DA:54,96
DA:55,96
DA:57,96
DA:58,96
FN:60,Onix.Api.Commons.IDatabaseSequence Onix.Api.Factories.FactoryDbOperation::GetDataSequenceObject(System.String,Microsoft.EntityFrameworkCore.DbContext)
FNDA:1,Onix.Api.Commons.IDatabaseSequence Onix.Api.Factories.FactoryDbOperation::GetDataSequenceObject(System.String,Microsoft.EntityFrameworkCore.DbContext)
DA:61,1
DA:62,1
DA:63,1
DA:64,1
DA:66,1
DA:67,1
FN:11,System.Void Onix.Api.Factories.FactoryDbOperation::.cctor()
FNDA:1,System.Void Onix.Api.Factories.FactoryDbOperation::.cctor()
DA:12,1
DA:37,1
DA:38,1
DA:39,1
DA:40,1
LF:38
LH:38
BRF:0
BRH:0
FNF:6
FNH:6
end_of_record
SF:D:\dev\projects\onix_workspace\onixapi\sources\Onix\Api\Erp\Dao\Queries\UnitTesting\MnplAddUnitTesting.cs
FN:20,Onix.Api.Erp.Dao.Models.OnixBaseModel Onix.Api.Erp.Dao.Queries.UnitTesting.MnplAddUnitTesting::createModel()
FNDA:54358,Onix.Api.Erp.Dao.Models.OnixBaseModel Onix.Api.Erp.Dao.Queries.UnitTesting.MnplAddUnitTesting::createModel()
DA:21,54358
DA:22,54358
DA:23,54358
DA:24,54358
FN:26,System.Void Onix.Api.Erp.Dao.Queries.UnitTesting.MnplAddUnitTesting::addData(Onix.Api.Commons.CTable)
FNDA:54358,System.Void Onix.Api.Erp.Dao.Queries.UnitTesting.MnplAddUnitTesting::addData(Onix.Api.Commons.CTable)
DA:27,54358
DA:28,54358
DA:29,54358
FN:31,System.Collections.ArrayList Onix.Api.Erp.Dao.Queries.UnitTesting.MnplAddUnitTesting::configAddUnitTesting()
FNDA:70,System.Collections.ArrayList Onix.Api.Erp.Dao.Queries.UnitTesting.MnplAddUnitTesting::configAddUnitTesting()
DA:32,70
DA:33,70
DA:35,70
DA:36,70
DA:37,70
DA:38,70
DA:39,70
DA:40,70
DA:41,70
DA:42,70
DA:43,70
DA:44,70
DA:45,70
DA:47,70
DA:48,70
FN:14,System.Void Onix.Api.Erp.Dao.Queries.UnitTesting.MnplAddUnitTesting::.ctor(Onix.Api.Erp.Dao.Models.UnitTesting.DbContextUnitTesting)
FNDA:70,System.Void Onix.Api.Erp.Dao.Queries.UnitTesting.MnplAddUnitTesting::.ctor(Onix.Api.Erp.Dao.Models.UnitTesting.DbContextUnitTesting)
DA:15,70
DA:16,70
DA:17,70
DA:18,70
LF:26
LH:26
BRF:0
BRH:0
FNF:4
FNH:4
end_of_record
SF:D:\dev\projects\onix_workspace\onixapi\sources\Onix\Api\Erp\Dao\Queries\UnitTesting\MnplDeleteByIdUnitTesting.cs
FN:20,Onix.Api.Erp.Dao.Models.OnixBaseModel Onix.Api.Erp.Dao.Queries.UnitTesting.MnplDeleteByIdUnitTesting::createModel()
FNDA:3503,Onix.Api.Erp.Dao.Models.OnixBaseModel Onix.Api.Erp.Dao.Queries.UnitTesting.MnplDeleteByIdUnitTesting::createModel()
DA:21,3503
DA:22,3503
DA:23,3503
DA:24,3503
FN:26,System.Void Onix.Api.Erp.Dao.Queries.UnitTesting.MnplDeleteByIdUnitTesting::deleteData(Onix.Api.Commons.CTable)
FNDA:3503,System.Void Onix.Api.Erp.Dao.Queries.UnitTesting.MnplDeleteByIdUnitTesting::deleteData(Onix.Api.Commons.CTable)
DA:27,3503
DA:28,3503
DA:29,2503
FN:31,System.Collections.ArrayList Onix.Api.Erp.Dao.Queries.UnitTesting.MnplDeleteByIdUnitTesting::configDeleteUnitTesting()
FNDA:4,System.Collections.ArrayList Onix.Api.Erp.Dao.Queries.UnitTesting.MnplDeleteByIdUnitTesting::configDeleteUnitTesting()
DA:32,4
DA:33,4
DA:34,4
DA:36,4
DA:37,4
FN:14,System.Void Onix.Api.Erp.Dao.Queries.UnitTesting.MnplDeleteByIdUnitTesting::.ctor(Onix.Api.Erp.Dao.Models.UnitTesting.DbContextUnitTesting)
FNDA:4,System.Void Onix.Api.Erp.Dao.Queries.UnitTesting.MnplDeleteByIdUnitTesting::.ctor(Onix.Api.Erp.Dao.Models.UnitTesting.DbContextUnitTesting)
DA:15,4
DA:16,4
DA:17,4
DA:18,4
LF:16
LH:16
BRF:0
BRH:0
FNF:4
FNH:4
end_of_record
SF:D:\dev\projects\onix_workspace\onixapi\sources\Onix\Api\Erp\Dao\Queries\UnitTesting\QueryUnitTestingGeneric.cs
FN:23,System.Collections.ArrayList Onix.Api.Erp.Dao.Queries.UnitTesting.QueryUnitTestingGeneric::configGenericQuery()
FNDA:76,System.Collections.ArrayList Onix.Api.Erp.Dao.Queries.UnitTesting.QueryUnitTestingGeneric::configGenericQuery()
DA:24,76
DA:25,76
DA:27,76
DA:28,76
DA:29,76
DA:30,76
DA:31,76
DA:33,76
DA:34,76
DA:35,76
DA:37,76
DA:38,76
DA:39,76
DA:41,76
DA:43,76
DA:44,76
DA:46,76
DA:47,76
FN:49,System.Linq.IQueryable Onix.Api.Erp.Dao.Queries.UnitTesting.QueryUnitTestingGeneric::genericQuery(Onix.Api.Commons.CTable)
FNDA:76,System.Linq.IQueryable Onix.Api.Erp.Dao.Queries.UnitTesting.QueryUnitTestingGeneric::genericQuery(Onix.Api.Commons.CTable)
DA:50,76
DA:51,76
DA:52,76
DA:53,76
DA:55,76
DA:56,76
DA:57,76
DA:58,76
DA:59,76
DA:61,76
DA:62,76
BRDA:56,118,0,76
BRDA:56,118,1,76
FN:64,System.Linq.IQueryable Onix.Api.Erp.Dao.Queries.UnitTesting.QueryUnitTestingGeneric::getGenericOrderBy(System.Linq.IQueryable`1<T>)
FNDA:73,System.Linq.IQueryable Onix.Api.Erp.Dao.Queries.UnitTesting.QueryUnitTestingGeneric::getGenericOrderBy(System.Linq.IQueryable`1<T>)
DA:65,73
DA:66,73
DA:67,73
DA:68,73
DA:69,73
FN:71,System.Void Onix.Api.Erp.Dao.Queries.UnitTesting.QueryUnitTestingGeneric::populateGenetic(Onix.Api.Commons.CTable,Onix.Api.Commons.ViewBase,System.Collections.ArrayList)
FNDA:25957,System.Void Onix.Api.Erp.Dao.Queries.UnitTesting.QueryUnitTestingGeneric::populateGenetic(Onix.Api.Commons.CTable,Onix.Api.Commons.ViewBase,System.Collections.ArrayList)
DA:72,25957
DA:74,25957
FN:14,System.Void Onix.Api.Erp.Dao.Queries.UnitTesting.QueryUnitTestingGeneric::.ctor(Onix.Api.Erp.Dao.Models.UnitTesting.DbContextUnitTesting)
FNDA:76,System.Void Onix.Api.Erp.Dao.Queries.UnitTesting.QueryUnitTestingGeneric::.ctor(Onix.Api.Erp.Dao.Models.UnitTesting.DbContextUnitTesting)
DA:15,76
DA:17,76
DA:18,76
DA:19,76
DA:20,76
DA:21,76
LF:42
LH:42
BRF:2
BRH:2
FNF:5
FNH:5
end_of_record
SF:D:\dev\projects\onix_workspace\onixapi\sources\Onix\Api\Erp\Dao\Queries\UnitTesting\Updates\MnplUpdateAllFieldsUnitTesting.cs
FN:13,System.Collections.ArrayList Onix.Api.Erp.Dao.Queries.UnitTesting.MnplUpdateAllFieldsUnitTesting::configEditUnitTesting()
FNDA:1,System.Collections.ArrayList Onix.Api.Erp.Dao.Queries.UnitTesting.MnplUpdateAllFieldsUnitTesting::configEditUnitTesting()
DA:14,1
DA:15,1
DA:17,1
DA:18,1
DA:19,1
DA:20,1
DA:21,1
DA:22,1
DA:23,1
DA:24,1
DA:25,1
DA:27,1
DA:28,1
FN:7,System.Void Onix.Api.Erp.Dao.Queries.UnitTesting.MnplUpdateAllFieldsUnitTesting::.ctor(Onix.Api.Erp.Dao.Models.UnitTesting.DbContextUnitTesting)
FNDA:1,System.Void Onix.Api.Erp.Dao.Queries.UnitTesting.MnplUpdateAllFieldsUnitTesting::.ctor(Onix.Api.Erp.Dao.Models.UnitTesting.DbContextUnitTesting)
DA:8,1
DA:9,1
DA:10,1
DA:11,1
LF:17
LH:17
BRF:0
BRH:0
FNF:2
FNH:2
end_of_record
SF:D:\dev\projects\onix_workspace\onixapi\sources\Onix\Api\Erp\Dao\Queries\UnitTesting\Updates\MnplUpdateCommonTesting.cs
FN:13,Onix.Api.Erp.Dao.Models.OnixBaseModel Onix.Api.Erp.Dao.Queries.UnitTesting.MnplUpdateCommonTesting::createModel()
FNDA:2002,Onix.Api.Erp.Dao.Models.OnixBaseModel Onix.Api.Erp.Dao.Queries.UnitTesting.MnplUpdateCommonTesting::createModel()
DA:14,2002
DA:15,2002
DA:16,2002
DA:17,2002
FN:19,System.Void Onix.Api.Erp.Dao.Queries.UnitTesting.MnplUpdateCommonTesting::updateData(Onix.Api.Commons.CTable)
FNDA:2002,System.Void Onix.Api.Erp.Dao.Queries.UnitTesting.MnplUpdateCommonTesting::updateData(Onix.Api.Commons.CTable)
DA:20,2002
DA:21,2002
DA:22,2002
FN:8,System.Void Onix.Api.Erp.Dao.Queries.UnitTesting.MnplUpdateCommonTesting::.ctor(Onix.Api.Erp.Dao.Models.UnitTesting.DbContextUnitTesting)
FNDA:2,System.Void Onix.Api.Erp.Dao.Queries.UnitTesting.MnplUpdateCommonTesting::.ctor(Onix.Api.Erp.Dao.Models.UnitTesting.DbContextUnitTesting)
DA:9,2
DA:10,2
DA:11,2
LF:10
LH:10
BRF:0
BRH:0
FNF:3
FNH:3
end_of_record
SF:D:\dev\projects\onix_workspace\onixapi\sources\Onix\Api\Erp\Dao\Queries\UnitTesting\Updates\MnplUpdateOnlyField1Testing.cs
FN:13,System.Collections.ArrayList Onix.Api.Erp.Dao.Queries.UnitTesting.MnplUpdateOnlyField1Testing::configEditUnitTesting()
FNDA:1,System.Collections.ArrayList Onix.Api.Erp.Dao.Queries.UnitTesting.MnplUpdateOnlyField1Testing::configEditUnitTesting()
DA:14,1
DA:15,1
DA:17,1
DA:18,1
DA:20,1
DA:21,1
FN:7,System.Void Onix.Api.Erp.Dao.Queries.UnitTesting.MnplUpdateOnlyField1Testing::.ctor(Onix.Api.Erp.Dao.Models.UnitTesting.DbContextUnitTesting)
FNDA:1,System.Void Onix.Api.Erp.Dao.Queries.UnitTesting.MnplUpdateOnlyField1Testing::.ctor(Onix.Api.Erp.Dao.Models.UnitTesting.DbContextUnitTesting)
DA:8,1
DA:9,1
DA:10,1
DA:11,1
LF:10
LH:10
BRF:0
BRH:0
FNF:2
FNH:2
end_of_record
SF:D:\dev\projects\onix_workspace\onixapi\sources\Onix\Api\Erp\Dao\Queries\UnitTesting\ViewUnitTesting.cs
FN:9,Onix.Api.Erp.Dao.Models.UnitTesting.MUnitTesting Onix.Api.Erp.Dao.Queries.UnitTesting.ViewUnitTesting::get_UT()
FNDA:210050,Onix.Api.Erp.Dao.Models.UnitTesting.MUnitTesting Onix.Api.Erp.Dao.Queries.UnitTesting.ViewUnitTesting::get_UT()
DA:10,210050
LF:1
LH:1
BRF:0
BRH:0
FNF:1
FNH:1
end_of_record
SF:D:\dev\projects\onix_workspace\onixapi\sources\Onix\Api\Erp\Dao\Queries\Employees\MnplAddEmployee.cs
FN:19,Onix.Api.Erp.Dao.Models.OnixBaseModel Onix.Api.Erp.Dao.Queries.Employees.MnplAddEmployee::createModel()
FNDA:1327,Onix.Api.Erp.Dao.Models.OnixBaseModel Onix.Api.Erp.Dao.Queries.Employees.MnplAddEmployee::createModel()
DA:20,1327
DA:21,1327
DA:22,1327
DA:23,1327
FN:25,System.Void Onix.Api.Erp.Dao.Queries.Employees.MnplAddEmployee::addData(Onix.Api.Commons.CTable)
FNDA:1327,System.Void Onix.Api.Erp.Dao.Queries.Employees.MnplAddEmployee::addData(Onix.Api.Commons.CTable)
DA:26,1327
DA:27,1327
DA:28,1327
FN:30,System.Collections.ArrayList Onix.Api.Erp.Dao.Queries.Employees.MnplAddEmployee::configAddEdmployee()
FNDA:16,System.Collections.ArrayList Onix.Api.Erp.Dao.Queries.Employees.MnplAddEmployee::configAddEdmployee()
DA:31,16
DA:32,16
DA:34,16
DA:35,16
DA:36,16
DA:37,16
DA:38,16
DA:39,16
DA:40,16
DA:41,16
DA:42,16
DA:44,16
DA:45,16
FN:13,System.Void Onix.Api.Erp.Dao.Queries.Employees.MnplAddEmployee::.ctor(Onix.Api.Erp.Dao.Models.OnixDbContext)
FNDA:16,System.Void Onix.Api.Erp.Dao.Queries.Employees.MnplAddEmployee::.ctor(Onix.Api.Erp.Dao.Models.OnixDbContext)
DA:14,16
DA:15,16
DA:16,16
DA:17,16
LF:24
LH:24
BRF:0
BRH:0
FNF:4
FNH:4
end_of_record
SF:D:\dev\projects\onix_workspace\onixapi\sources\Onix\Api\Erp\Dao\Queries\Employees\MnplDeleteEmployee.cs
FN:19,Onix.Api.Erp.Dao.Models.OnixBaseModel Onix.Api.Erp.Dao.Queries.Employees.MnplDeleteEmployee::createModel()
FNDA:2,Onix.Api.Erp.Dao.Models.OnixBaseModel Onix.Api.Erp.Dao.Queries.Employees.MnplDeleteEmployee::createModel()
DA:20,2
DA:21,2
DA:22,2
DA:23,2
FN:25,System.Void Onix.Api.Erp.Dao.Queries.Employees.MnplDeleteEmployee::deleteData(Onix.Api.Commons.CTable)
FNDA:2,System.Void Onix.Api.Erp.Dao.Queries.Employees.MnplDeleteEmployee::deleteData(Onix.Api.Commons.CTable)
DA:26,2
DA:27,2
DA:28,2
FN:30,System.Collections.ArrayList Onix.Api.Erp.Dao.Queries.Employees.MnplDeleteEmployee::configDeleteEdmployee()
FNDA:2,System.Collections.ArrayList Onix.Api.Erp.Dao.Queries.Employees.MnplDeleteEmployee::configDeleteEdmployee()
DA:31,2
DA:32,2
DA:33,2
DA:35,2
DA:36,2
FN:13,System.Void Onix.Api.Erp.Dao.Queries.Employees.MnplDeleteEmployee::.ctor(Onix.Api.Erp.Dao.Models.OnixDbContext)
FNDA:2,System.Void Onix.Api.Erp.Dao.Queries.Employees.MnplDeleteEmployee::.ctor(Onix.Api.Erp.Dao.Models.OnixDbContext)
DA:14,2
DA:15,2
DA:16,2
DA:17,2
LF:16
LH:16
BRF:0
BRH:0
FNF:4
FNH:4
end_of_record
SF:D:\dev\projects\onix_workspace\onixapi\sources\Onix\Api\Erp\Dao\Queries\Employees\MnplUpdateEmployee.cs
FN:19,Onix.Api.Erp.Dao.Models.OnixBaseModel Onix.Api.Erp.Dao.Queries.Employees.MnplUpdateEmployee::createModel()
FNDA:2,Onix.Api.Erp.Dao.Models.OnixBaseModel Onix.Api.Erp.Dao.Queries.Employees.MnplUpdateEmployee::createModel()
DA:20,2
DA:21,2
DA:22,2
DA:23,2
FN:25,System.Void Onix.Api.Erp.Dao.Queries.Employees.MnplUpdateEmployee::updateData(Onix.Api.Commons.CTable)
FNDA:2,System.Void Onix.Api.Erp.Dao.Queries.Employees.MnplUpdateEmployee::updateData(Onix.Api.Commons.CTable)
DA:26,2
DA:27,2
DA:28,2
FN:30,System.Collections.ArrayList Onix.Api.Erp.Dao.Queries.Employees.MnplUpdateEmployee::configEditEdmployee()
FNDA:2,System.Collections.ArrayList Onix.Api.Erp.Dao.Queries.Employees.MnplUpdateEmployee::configEditEdmployee()
DA:31,2
DA:32,2
DA:34,2
DA:35,2
DA:36,2
DA:37,2
DA:38,2
DA:39,2
DA:40,2
DA:41,2
DA:43,2
DA:44,2
FN:13,System.Void Onix.Api.Erp.Dao.Queries.Employees.MnplUpdateEmployee::.ctor(Onix.Api.Erp.Dao.Models.OnixDbContext)
FNDA:2,System.Void Onix.Api.Erp.Dao.Queries.Employees.MnplUpdateEmployee::.ctor(Onix.Api.Erp.Dao.Models.OnixDbContext)
DA:14,2
DA:15,2
DA:16,2
DA:17,2
LF:23
LH:23
BRF:0
BRH:0
FNF:4
FNH:4
end_of_record
SF:D:\dev\projects\onix_workspace\onixapi\sources\Onix\Api\Erp\Dao\Queries\Employees\QueryEmployeeGetInfo.cs
FN:22,System.Collections.ArrayList Onix.Api.Erp.Dao.Queries.Employees.QueryEmployeeGetInfo::configGetInfo()
FNDA:1,System.Collections.ArrayList Onix.Api.Erp.Dao.Queries.Employees.QueryEmployeeGetInfo::configGetInfo()
DA:23,1
DA:24,1
DA:27,1
DA:28,1
DA:29,1
DA:30,1
DA:31,1
DA:32,1
DA:33,1
DA:34,1
DA:35,1
DA:36,1
DA:37,1
DA:39,1
DA:40,1
DA:42,1
DA:43,1
FN:45,System.Linq.IQueryable Onix.Api.Erp.Dao.Queries.Employees.QueryEmployeeGetInfo::getInfoQuery(Onix.Api.Commons.CTable)
FNDA:1,System.Linq.IQueryable Onix.Api.Erp.Dao.Queries.Employees.QueryEmployeeGetInfo::getInfoQuery(Onix.Api.Commons.CTable)
DA:46,1
DA:47,1
DA:48,1
DA:49,1
DA:50,1
DA:51,1
DA:53,1
DA:54,1
DA:55,1
DA:56,1
DA:57,1
DA:59,1
DA:60,1
BRDA:54,583,0,1
BRDA:54,583,1,1
FN:62,System.Void Onix.Api.Erp.Dao.Queries.Employees.QueryEmployeeGetInfo::populateGetInfo(Onix.Api.Commons.CTable,Onix.Api.Commons.ViewBase,System.Collections.ArrayList)
FNDA:1,System.Void Onix.Api.Erp.Dao.Queries.Employees.QueryEmployeeGetInfo::populateGetInfo(Onix.Api.Commons.CTable,Onix.Api.Commons.ViewBase,System.Collections.ArrayList)
DA:63,1
DA:64,1
DA:65,1
FN:67,System.Linq.IQueryable Onix.Api.Erp.Dao.Queries.Employees.QueryEmployeeGetInfo::getInfoOrderBy(System.Linq.IQueryable`1<T>)
FNDA:1,System.Linq.IQueryable Onix.Api.Erp.Dao.Queries.Employees.QueryEmployeeGetInfo::getInfoOrderBy(System.Linq.IQueryable`1<T>)
DA:68,1
DA:69,1
DA:70,1
FN:13,System.Void Onix.Api.Erp.Dao.Queries.Employees.QueryEmployeeGetInfo::.ctor(Onix.Api.Erp.Dao.Models.OnixDbContext)
FNDA:1,System.Void Onix.Api.Erp.Dao.Queries.Employees.QueryEmployeeGetInfo::.ctor(Onix.Api.Erp.Dao.Models.OnixDbContext)
DA:14,1
DA:16,1
DA:17,1
DA:18,1
DA:19,1
DA:20,1
LF:42
LH:42
BRF:2
BRH:2
FNF:5
FNH:5
end_of_record
SF:D:\dev\projects\onix_workspace\onixapi\sources\Onix\Api\Erp\Dao\Queries\Employees\QueryEmployeeGetList.cs
FN:23,System.Collections.ArrayList Onix.Api.Erp.Dao.Queries.Employees.QueryEmployeeGetList::configGetList()
FNDA:15,System.Collections.ArrayList Onix.Api.Erp.Dao.Queries.Employees.QueryEmployeeGetList::configGetList()
DA:24,15
DA:25,15
DA:27,15
DA:28,15
DA:29,15
DA:30,15
DA:31,15
DA:32,15
DA:33,15
DA:34,15
DA:35,15
DA:36,15
DA:37,15
DA:39,15
DA:40,15
DA:41,15
DA:43,15
DA:44,15
DA:46,15
DA:47,15
FN:49,System.Linq.IQueryable Onix.Api.Erp.Dao.Queries.Employees.QueryEmployeeGetList::getListQuery(Onix.Api.Commons.CTable)
FNDA:15,System.Linq.IQueryable Onix.Api.Erp.Dao.Queries.Employees.QueryEmployeeGetList::getListQuery(Onix.Api.Commons.CTable)
DA:50,15
DA:51,15
DA:52,15
DA:53,15
DA:54,15
DA:55,15
DA:57,15
DA:58,15
DA:59,15
DA:60,15
DA:61,15
DA:63,15
DA:64,15
BRDA:58,583,0,15
BRDA:58,583,1,15
FN:66,System.Linq.IQueryable Onix.Api.Erp.Dao.Queries.Employees.QueryEmployeeGetList::getListOrderBy(System.Linq.IQueryable`1<T>)
FNDA:15,System.Linq.IQueryable Onix.Api.Erp.Dao.Queries.Employees.QueryEmployeeGetList::getListOrderBy(System.Linq.IQueryable`1<T>)
DA:67,15
DA:68,15
DA:69,15
DA:70,15
DA:71,15
FN:73,System.Void Onix.Api.Erp.Dao.Queries.Employees.QueryEmployeeGetList::populateGetList(Onix.Api.Commons.CTable,Onix.Api.Commons.ViewBase,System.Collections.ArrayList)
FNDA:555,System.Void Onix.Api.Erp.Dao.Queries.Employees.QueryEmployeeGetList::populateGetList(Onix.Api.Commons.CTable,Onix.Api.Commons.ViewBase,System.Collections.ArrayList)
DA:74,555
DA:76,555
FN:14,System.Void Onix.Api.Erp.Dao.Queries.Employees.QueryEmployeeGetList::.ctor(Onix.Api.Erp.Dao.Models.OnixDbContext)
FNDA:15,System.Void Onix.Api.Erp.Dao.Queries.Employees.QueryEmployeeGetList::.ctor(Onix.Api.Erp.Dao.Models.OnixDbContext)
DA:15,15
DA:17,15
DA:18,15
DA:19,15
DA:20,15
DA:21,15
LF:46
LH:46
BRF:2
BRH:2
FNF:5
FNH:5
end_of_record
SF:D:\dev\projects\onix_workspace\onixapi\sources\Onix\Api\Erp\Dao\Queries\Employees\ViewEmployee.cs
FN:13,Onix.Api.Erp.Dao.Models.MEmployee Onix.Api.Erp.Dao.Queries.Employees.ViewEmployee::get_EM()
FNDA:6723,Onix.Api.Erp.Dao.Models.MEmployee Onix.Api.Erp.Dao.Queries.Employees.ViewEmployee::get_EM()
DA:14,6723
FN:14,Onix.Api.Erp.Dao.Models.MMasterRef Onix.Api.Erp.Dao.Queries.Employees.ViewEmployee::get_BNK()
FNDA:2275,Onix.Api.Erp.Dao.Models.MMasterRef Onix.Api.Erp.Dao.Queries.Employees.ViewEmployee::get_BNK()
DA:15,2275
LF:2
LH:2
BRF:0
BRH:0
FNF:2
FNH:2
end_of_record
SF:D:\dev\projects\onix_workspace\onixapi\sources\Onix\Api\Erp\Dao\Models\Generals\MMasterRef.cs
FN:16,System.Int32 Onix.Api.Erp.Dao.Models.MMasterRef::get_MasterId()
FNDA:6549,System.Int32 Onix.Api.Erp.Dao.Models.MMasterRef::get_MasterId()
DA:17,6549
FN:19,System.String Onix.Api.Erp.Dao.Models.MMasterRef::get_Code()
FNDA:3314,System.String Onix.Api.Erp.Dao.Models.MMasterRef::get_Code()
DA:20,3314
FN:22,System.String Onix.Api.Erp.Dao.Models.MMasterRef::get_Description()
FNDA:3314,System.String Onix.Api.Erp.Dao.Models.MMasterRef::get_Description()
DA:23,3314
FN:25,System.Int32 Onix.Api.Erp.Dao.Models.MMasterRef::get_RefType()
FNDA:3222,System.Int32 Onix.Api.Erp.Dao.Models.MMasterRef::get_RefType()
DA:26,3222
FN:28,System.String Onix.Api.Erp.Dao.Models.MMasterRef::get_Optional()
FNDA:3222,System.String Onix.Api.Erp.Dao.Models.MMasterRef::get_Optional()
DA:29,3222
FN:31,System.String Onix.Api.Erp.Dao.Models.MMasterRef::get_OptionalEng()
FNDA:3222,System.String Onix.Api.Erp.Dao.Models.MMasterRef::get_OptionalEng()
DA:32,3222
FN:34,System.String Onix.Api.Erp.Dao.Models.MMasterRef::get_DescriptionEng()
FNDA:3222,System.String Onix.Api.Erp.Dao.Models.MMasterRef::get_DescriptionEng()
DA:35,3222
FN:10,System.Void Onix.Api.Erp.Dao.Models.MMasterRef::.ctor()
FNDA:63,System.Void Onix.Api.Erp.Dao.Models.MMasterRef::.ctor()
DA:11,63
DA:12,63
DA:13,63
LF:10
LH:10
BRF:0
BRH:0
FNF:8
FNH:8
end_of_record
SF:D:\dev\projects\onix_workspace\onixapi\sources\Onix\Api\Erp\Dao\Models\HumanResources\MEmployee.cs
FN:16,System.Int32 Onix.Api.Erp.Dao.Models.MEmployee::get_EmployeeId()
FNDA:20376,System.Int32 Onix.Api.Erp.Dao.Models.MEmployee::get_EmployeeId()
DA:17,20376
FN:19,System.String Onix.Api.Erp.Dao.Models.MEmployee::get_EmployeeCode()
FNDA:10741,System.String Onix.Api.Erp.Dao.Models.MEmployee::get_EmployeeCode()
DA:20,10741
FN:22,System.String Onix.Api.Erp.Dao.Models.MEmployee::get_EmployeeName()
FNDA:10503,System.String Onix.Api.Erp.Dao.Models.MEmployee::get_EmployeeName()
DA:23,10503
FN:25,System.String Onix.Api.Erp.Dao.Models.MEmployee::get_Address()
FNDA:9863,System.String Onix.Api.Erp.Dao.Models.MEmployee::get_Address()
DA:26,9863
FN:28,System.String Onix.Api.Erp.Dao.Models.MEmployee::get_Email()
FNDA:9863,System.String Onix.Api.Erp.Dao.Models.MEmployee::get_Email()
DA:29,9863
FN:31,System.String Onix.Api.Erp.Dao.Models.MEmployee::get_Website()
FNDA:9863,System.String Onix.Api.Erp.Dao.Models.MEmployee::get_Website()
DA:32,9863
FN:34,System.String Onix.Api.Erp.Dao.Models.MEmployee::get_Phone()
FNDA:9863,System.String Onix.Api.Erp.Dao.Models.MEmployee::get_Phone()
DA:35,9863
FN:37,System.String Onix.Api.Erp.Dao.Models.MEmployee::get_Fax()
FNDA:6649,System.String Onix.Api.Erp.Dao.Models.MEmployee::get_Fax()
DA:38,6649
FN:40,System.Nullable`1<System.Int32> Onix.Api.Erp.Dao.Models.MEmployee::get_EmployeeType()
FNDA:6649,System.Nullable`1<System.Int32> Onix.Api.Erp.Dao.Models.MEmployee::get_EmployeeType()
DA:41,6649
FN:43,System.Nullable`1<System.Int32> Onix.Api.Erp.Dao.Models.MEmployee::get_EmployeeGroup()
FNDA:6649,System.Nullable`1<System.Int32> Onix.Api.Erp.Dao.Models.MEmployee::get_EmployeeGroup()
DA:44,6649
FN:46,System.Nullable`1<System.Int32> Onix.Api.Erp.Dao.Models.MEmployee::get_Category()
FNDA:6649,System.Nullable`1<System.Int32> Onix.Api.Erp.Dao.Models.MEmployee::get_Category()
DA:47,6649
FN:49,System.String Onix.Api.Erp.Dao.Models.MEmployee::get_Note()
FNDA:6649,System.String Onix.Api.Erp.Dao.Models.MEmployee::get_Note()
DA:50,6649
FN:52,System.Nullable`1<System.Int32> Onix.Api.Erp.Dao.Models.MEmployee::get_BranchId()
FNDA:6649,System.Nullable`1<System.Int32> Onix.Api.Erp.Dao.Models.MEmployee::get_BranchId()
DA:53,6649
FN:55,System.Nullable`1<System.Int32> Onix.Api.Erp.Dao.Models.MEmployee::get_CommissionCycleId()
FNDA:6649,System.Nullable`1<System.Int32> Onix.Api.Erp.Dao.Models.MEmployee::get_CommissionCycleId()
DA:56,6649
FN:58,System.Nullable`1<System.Int32> Onix.Api.Erp.Dao.Models.MEmployee::get_CommissionCycleType()
FNDA:6649,System.Nullable`1<System.Int32> Onix.Api.Erp.Dao.Models.MEmployee::get_CommissionCycleType()
DA:59,6649
FN:61,System.Nullable`1<System.Char> Onix.Api.Erp.Dao.Models.MEmployee::get_SalesmanSpecificFlag()
FNDA:6649,System.Nullable`1<System.Char> Onix.Api.Erp.Dao.Models.MEmployee::get_SalesmanSpecificFlag()
DA:62,6649
FN:64,System.String Onix.Api.Erp.Dao.Models.MEmployee::get_EmployeeNameEng()
FNDA:6649,System.String Onix.Api.Erp.Dao.Models.MEmployee::get_EmployeeNameEng()
DA:65,6649
FN:67,System.String Onix.Api.Erp.Dao.Models.MEmployee::get_EmployeeLastname()
FNDA:9863,System.String Onix.Api.Erp.Dao.Models.MEmployee::get_EmployeeLastname()
DA:68,9863
FN:70,System.String Onix.Api.Erp.Dao.Models.MEmployee::get_FingerprintCode()
FNDA:6649,System.String Onix.Api.Erp.Dao.Models.MEmployee::get_FingerprintCode()
DA:71,6649
FN:73,System.Nullable`1<System.Int32> Onix.Api.Erp.Dao.Models.MEmployee::get_NamePrefix()
FNDA:6649,System.Nullable`1<System.Int32> Onix.Api.Erp.Dao.Models.MEmployee::get_NamePrefix()
DA:74,6649
FN:76,System.Nullable`1<System.Int32> Onix.Api.Erp.Dao.Models.MEmployee::get_Gender()
FNDA:6649,System.Nullable`1<System.Int32> Onix.Api.Erp.Dao.Models.MEmployee::get_Gender()
DA:77,6649
FN:79,System.String Onix.Api.Erp.Dao.Models.MEmployee::get_EmployeeLastnameEng()
FNDA:6649,System.String Onix.Api.Erp.Dao.Models.MEmployee::get_EmployeeLastnameEng()
DA:80,6649
FN:82,System.String Onix.Api.Erp.Dao.Models.MEmployee::get_LineId()
FNDA:6649,System.String Onix.Api.Erp.Dao.Models.MEmployee::get_LineId()
DA:83,6649
FN:85,System.Nullable`1<System.Int32> Onix.Api.Erp.Dao.Models.MEmployee::get_EmployeePosition()
FNDA:6649,System.Nullable`1<System.Int32> Onix.Api.Erp.Dao.Models.MEmployee::get_EmployeePosition()
DA:86,6649
FN:88,System.Nullable`1<System.Int32> Onix.Api.Erp.Dao.Models.MEmployee::get_EmployeeDepartment()
FNDA:6649,System.Nullable`1<System.Int32> Onix.Api.Erp.Dao.Models.MEmployee::get_EmployeeDepartment()
DA:89,6649
FN:91,System.String Onix.Api.Erp.Dao.Models.MEmployee::get_EmployeeProfileImage()
FNDA:6649,System.String Onix.Api.Erp.Dao.Models.MEmployee::get_EmployeeProfileImage()
DA:92,6649
FN:94,System.Nullable`1<System.Int32> Onix.Api.Erp.Dao.Models.MEmployee::get_BankId()
FNDA:10895,System.Nullable`1<System.Int32> Onix.Api.Erp.Dao.Models.MEmployee::get_BankId()
DA:95,10895
FN:97,System.String Onix.Api.Erp.Dao.Models.MEmployee::get_AccountNo()
FNDA:6649,System.String Onix.Api.Erp.Dao.Models.MEmployee::get_AccountNo()
DA:98,6649
FN:100,System.String Onix.Api.Erp.Dao.Models.MEmployee::get_BankBranchName()
FNDA:6649,System.String Onix.Api.Erp.Dao.Models.MEmployee::get_BankBranchName()
DA:101,6649
FN:103,System.String Onix.Api.Erp.Dao.Models.MEmployee::get_IdNumber()
FNDA:6649,System.String Onix.Api.Erp.Dao.Models.MEmployee::get_IdNumber()
DA:104,6649
FN:106,System.Nullable`1<System.Double> Onix.Api.Erp.Dao.Models.MEmployee::get_HourRate()
FNDA:7205,System.Nullable`1<System.Double> Onix.Api.Erp.Dao.Models.MEmployee::get_HourRate()
DA:107,7205
FN:10,System.Void Onix.Api.Erp.Dao.Models.MEmployee::.ctor()
FNDA:3981,System.Void Onix.Api.Erp.Dao.Models.MEmployee::.ctor()
DA:11,3981
DA:12,3981
DA:13,3981
LF:34
LH:34
BRF:0
BRH:0
FNF:32
FNH:32
end_of_record
SF:D:\dev\projects\onix_workspace\onixapi\sources\Onix\Api\Erp\Dao\Models\OnixBaseModel.cs
FN:14,System.String Onix.Api.Erp.Dao.Models.OnixBaseModel::get_CreateDate()
FNDA:909547,System.String Onix.Api.Erp.Dao.Models.OnixBaseModel::get_CreateDate()
DA:15,909547
FN:17,System.String Onix.Api.Erp.Dao.Models.OnixBaseModel::get_ModifyDate()
FNDA:913555,System.String Onix.Api.Erp.Dao.Models.OnixBaseModel::get_ModifyDate()
DA:18,913555
FN:9,System.Void Onix.Api.Erp.Dao.Models.OnixBaseModel::.ctor()
FNDA:179627,System.Void Onix.Api.Erp.Dao.Models.OnixBaseModel::.ctor()
DA:10,179627
DA:11,179627
DA:12,179627
LF:5
LH:5
BRF:0
BRH:0
FNF:3
FNH:3
end_of_record
SF:D:\dev\projects\onix_workspace\onixapi\sources\Onix\Api\Erp\Dao\Models\OnixDbContext.cs
FN:22,System.Void Onix.Api.Erp.Dao.Models.OnixDbContext::OnConfiguring(Microsoft.EntityFrameworkCore.DbContextOptionsBuilder)
FNDA:16,System.Void Onix.Api.Erp.Dao.Models.OnixDbContext::OnConfiguring(Microsoft.EntityFrameworkCore.DbContextOptionsBuilder)
DA:23,16
DA:24,16
DA:25,0
DA:26,0
DA:27,0
DA:29,0
DA:30,0
DA:31,16
BRDA:24,12,0,0
BRDA:24,12,1,16
FN:32,Microsoft.EntityFrameworkCore.DbSet`1<Onix.Api.Erp.Dao.Models.MMasterRef> Onix.Api.Erp.Dao.Models.OnixDbContext::get_MasterRef()
FNDA:53,Microsoft.EntityFrameworkCore.DbSet`1<Onix.Api.Erp.Dao.Models.MMasterRef> Onix.Api.Erp.Dao.Models.OnixDbContext::get_MasterRef()
DA:33,53
FN:33,Microsoft.EntityFrameworkCore.DbSet`1<Onix.Api.Erp.Dao.Models.MEmployee> Onix.Api.Erp.Dao.Models.OnixDbContext::get_Employee()
FNDA:32,Microsoft.EntityFrameworkCore.DbSet`1<Onix.Api.Erp.Dao.Models.MEmployee> Onix.Api.Erp.Dao.Models.OnixDbContext::get_Employee()
DA:34,32
FN:9,System.Void Onix.Api.Erp.Dao.Models.OnixDbContext::.ctor()
FNDA:16,System.Void Onix.Api.Erp.Dao.Models.OnixDbContext::.ctor()
DA:10,16
DA:12,0
DA:13,0
DA:14,0
DA:15,0
FN:16,System.Void Onix.Api.Erp.Dao.Models.OnixDbContext::.ctor(Microsoft.EntityFrameworkCore.DbContextOptions`1<Microsoft.EntityFrameworkCore.DbContext>)
FNDA:16,System.Void Onix.Api.Erp.Dao.Models.OnixDbContext::.ctor(Microsoft.EntityFrameworkCore.DbContextOptions`1<Microsoft.EntityFrameworkCore.DbContext>)
DA:17,16
DA:18,16
DA:20,16
LF:18
LH:9
BRF:2
BRH:1
FNF:5
FNH:5
end_of_record
SF:D:\dev\projects\onix_workspace\onixapi\sources\Onix\Api\Erp\Dao\Models\UnitTestings\DbContextUnitTesting.cs
FN:17,Microsoft.EntityFrameworkCore.DbSet`1<Onix.Api.Erp.Dao.Models.UnitTesting.MUnitTesting> Onix.Api.Erp.Dao.Models.UnitTesting.DbContextUnitTesting::get_UnitTestingTable()
FNDA:149,Microsoft.EntityFrameworkCore.DbSet`1<Onix.Api.Erp.Dao.Models.UnitTesting.MUnitTesting> Onix.Api.Erp.Dao.Models.UnitTesting.DbContextUnitTesting::get_UnitTestingTable()
DA:18,149
FN:20,System.Void Onix.Api.Erp.Dao.Models.UnitTesting.DbContextUnitTesting::OnConfiguring(Microsoft.EntityFrameworkCore.DbContextOptionsBuilder)
FNDA:73,System.Void Onix.Api.Erp.Dao.Models.UnitTesting.DbContextUnitTesting::OnConfiguring(Microsoft.EntityFrameworkCore.DbContextOptionsBuilder)
DA:21,73
DA:23,73
FN:25,System.Void Onix.Api.Erp.Dao.Models.UnitTesting.DbContextUnitTesting::OnModelCreating(Microsoft.EntityFrameworkCore.ModelBuilder)
FNDA:1,System.Void Onix.Api.Erp.Dao.Models.UnitTesting.DbContextUnitTesting::OnModelCreating(Microsoft.EntityFrameworkCore.ModelBuilder)
DA:26,1
DA:28,1
FN:13,System.Void Onix.Api.Erp.Dao.Models.UnitTesting.DbContextUnitTesting::.ctor(Microsoft.EntityFrameworkCore.DbContextOptions`1<Microsoft.EntityFrameworkCore.DbContext>)
FNDA:73,System.Void Onix.Api.Erp.Dao.Models.UnitTesting.DbContextUnitTesting::.ctor(Microsoft.EntityFrameworkCore.DbContextOptions`1<Microsoft.EntityFrameworkCore.DbContext>)
DA:14,73
DA:15,73
DA:16,73
LF:8
LH:8
BRF:0
BRH:0
FNF:4
FNH:4
end_of_record
SF:D:\dev\projects\onix_workspace\onixapi\sources\Onix\Api\Erp\Dao\Models\UnitTestings\MUnitTesting.cs
FN:13,System.Int32 Onix.Api.Erp.Dao.Models.UnitTesting.MUnitTesting::get_PrimaryKeyId()
FNDA:1885075,System.Int32 Onix.Api.Erp.Dao.Models.UnitTesting.MUnitTesting::get_PrimaryKeyId()
DA:14,1885075
FN:14,System.String Onix.Api.Erp.Dao.Models.UnitTesting.MUnitTesting::get_UniqueKeyCode()
FNDA:932981,System.String Onix.Api.Erp.Dao.Models.UnitTesting.MUnitTesting::get_UniqueKeyCode()
DA:15,932981
FN:15,System.String Onix.Api.Erp.Dao.Models.UnitTesting.MUnitTesting::get_StringField1()
FNDA:935283,System.String Onix.Api.Erp.Dao.Models.UnitTesting.MUnitTesting::get_StringField1()
DA:16,935283
FN:16,System.String Onix.Api.Erp.Dao.Models.UnitTesting.MUnitTesting::get_StringField2()
FNDA:924981,System.String Onix.Api.Erp.Dao.Models.UnitTesting.MUnitTesting::get_StringField2()
DA:17,924981
FN:17,System.Int32 Onix.Api.Erp.Dao.Models.UnitTesting.MUnitTesting::get_StatusNotNullKey()
FNDA:870623,System.Int32 Onix.Api.Erp.Dao.Models.UnitTesting.MUnitTesting::get_StatusNotNullKey()
DA:18,870623
FN:18,System.Nullable`1<System.Int32> Onix.Api.Erp.Dao.Models.UnitTesting.MUnitTesting::get_StatusNullAbleKey()
FNDA:948981,System.Nullable`1<System.Int32> Onix.Api.Erp.Dao.Models.UnitTesting.MUnitTesting::get_StatusNullAbleKey()
DA:19,948981
FN:19,System.Nullable`1<System.Int32> Onix.Api.Erp.Dao.Models.UnitTesting.MUnitTesting::get_StatusForIsNullKey()
FNDA:846662,System.Nullable`1<System.Int32> Onix.Api.Erp.Dao.Models.UnitTesting.MUnitTesting::get_StatusForIsNullKey()
DA:20,846662
FN:20,System.String Onix.Api.Erp.Dao.Models.UnitTesting.MUnitTesting::get_StringNullAbleField1()
FNDA:919024,System.String Onix.Api.Erp.Dao.Models.UnitTesting.MUnitTesting::get_StringNullAbleField1()
DA:21,919024
FN:21,System.String Onix.Api.Erp.Dao.Models.UnitTesting.MUnitTesting::get_DocumentDate()
FNDA:913024,System.String Onix.Api.Erp.Dao.Models.UnitTesting.MUnitTesting::get_DocumentDate()
DA:22,913024
FN:22,System.Nullable`1<System.Double> Onix.Api.Erp.Dao.Models.UnitTesting.MUnitTesting::get_ThisIsDoubleField1()
FNDA:788306,System.Nullable`1<System.Double> Onix.Api.Erp.Dao.Models.UnitTesting.MUnitTesting::get_ThisIsDoubleField1()
DA:23,788306
FN:23,System.Double Onix.Api.Erp.Dao.Models.UnitTesting.MUnitTesting::get_ThisIsDoubleField2()
FNDA:842664,System.Double Onix.Api.Erp.Dao.Models.UnitTesting.MUnitTesting::get_ThisIsDoubleField2()
DA:24,842664
FN:8,System.Void Onix.Api.Erp.Dao.Models.UnitTesting.MUnitTesting::.ctor()
FNDA:175583,System.Void Onix.Api.Erp.Dao.Models.UnitTesting.MUnitTesting::.ctor()
DA:9,175583
DA:10,175583
DA:11,175583
LF:14
LH:14
BRF:0
BRH:0
FNF:12
FNH:12
end_of_record
SF:D:\dev\projects\onix_workspace\onixapi\sources\Onix\Api\Erp\Business\HumanResources\Employees\GetEmployeeList.cs
FN:13,Onix.Api.Commons.CTable Onix.Api.Erp.Business.HumanResources.Employees.GetEmployeeList::Execute(Onix.Api.Commons.CTable)
FNDA:2,Onix.Api.Commons.CTable Onix.Api.Erp.Business.HumanResources.Employees.GetEmployeeList::Execute(Onix.Api.Commons.CTable)
DA:14,2
DA:15,2
DA:16,2
DA:18,2
DA:19,2
DA:21,2
DA:22,2
LF:7
LH:7
BRF:0
BRH:0
FNF:1
FNH:1
end_of_record
SF:D:\dev\projects\onix_workspace\onixapi\sources\Onix\Api\Erp\Business\Admins\Authentication\AuthenticationBase.cs
FN:17,Onix.Api.Erp.Business.Admins.AuthenProviders.IAuthenProvider Onix.Api.Erp.Business.Admins.Authentication.AuthenticationBase::getAuthenticationProvider()
FNDA:2,Onix.Api.Erp.Business.Admins.AuthenProviders.IAuthenProvider Onix.Api.Erp.Business.Admins.Authentication.AuthenticationBase::getAuthenticationProvider()
DA:18,2
DA:19,2
DA:20,2
FN:22,System.Void Onix.Api.Erp.Business.Admins.Authentication.AuthenticationBase::SetAuthenticationProvider(Onix.Api.Erp.Business.Admins.AuthenProviders.IAuthenProvider)
FNDA:2,System.Void Onix.Api.Erp.Business.Admins.Authentication.AuthenticationBase::SetAuthenticationProvider(Onix.Api.Erp.Business.Admins.AuthenProviders.IAuthenProvider)
DA:23,2
DA:24,2
DA:25,2
FN:9,System.Void Onix.Api.Erp.Business.Admins.Authentication.AuthenticationBase::.ctor()
FNDA:2,System.Void Onix.Api.Erp.Business.Admins.Authentication.AuthenticationBase::.ctor()
DA:10,2
DA:12,2
DA:13,2
DA:14,2
DA:15,2
LF:11
LH:11
BRF:0
BRH:0
FNF:3
FNH:3
end_of_record
SF:D:\dev\projects\onix_workspace\onixapi\sources\Onix\Api\Erp\Business\Admins\Authentication\Logon.cs
FN:9,Onix.Api.Commons.CTable Onix.Api.Erp.Business.Admins.Authentication.Logon::Execute(Onix.Api.Commons.CTable)
FNDA:0,Onix.Api.Commons.CTable Onix.Api.Erp.Business.Admins.Authentication.Logon::Execute(Onix.Api.Commons.CTable)
DA:10,0
DA:11,0
DA:14,0
DA:16,0
DA:17,0
LF:5
LH:0
BRF:0
BRH:0
FNF:1
FNH:0
end_of_record
SF:D:\dev\projects\onix_workspace\onixapi\sources\Onix\Api\Erp\Business\Admins\Authentication\MockedLogon.cs
FN:10,Onix.Api.Commons.CTable Onix.Api.Erp.Business.Admins.Authentication.MockedLogon::Execute(Onix.Api.Commons.CTable)
FNDA:2,Onix.Api.Commons.CTable Onix.Api.Erp.Business.Admins.Authentication.MockedLogon::Execute(Onix.Api.Commons.CTable)
DA:11,2
DA:12,2
DA:13,2
DA:14,2
DA:16,1
DA:17,1
LF:6
LH:6
BRF:0
BRH:0
FNF:1
FNH:1
end_of_record
SF:D:\dev\projects\onix_workspace\onixapi\sources\Onix\Api\Erp\Business\Admins\AuthenProviders\AuthenProviderFirebase.cs
FN:10,Onix.Api.Commons.CTable Onix.Api.Erp.Business.Admins.AuthenProviders.AuthenProviderFirebase::Login(Onix.Api.Commons.CTable)
FNDA:0,Onix.Api.Commons.CTable Onix.Api.Erp.Business.Admins.AuthenProviders.AuthenProviderFirebase::Login(Onix.Api.Commons.CTable)
DA:11,0
DA:12,0
DA:13,0
DA:14,0
DA:16,0
DA:17,0
DA:19,0
DA:21,0
DA:23,0
DA:24,0
DA:25,0
DA:26,0
DA:27,0
DA:31,0
DA:32,0
DA:34,0
DA:35,0
BRDA:25,109,0,0
BRDA:25,109,1,0
BRDA:25,132,0,0
BRDA:25,132,1,0
FN:37,Onix.Api.Commons.CTable Onix.Api.Erp.Business.Admins.AuthenProviders.AuthenProviderFirebase::CreateAccount(Onix.Api.Commons.CTable)
FNDA:0,Onix.Api.Commons.CTable Onix.Api.Erp.Business.Admins.AuthenProviders.AuthenProviderFirebase::CreateAccount(Onix.Api.Commons.CTable)
DA:38,0
DA:39,0
DA:40,0
FN:42,Onix.Api.Commons.CTable Onix.Api.Erp.Business.Admins.AuthenProviders.AuthenProviderFirebase::DeleteAccount(Onix.Api.Commons.CTable)
FNDA:0,Onix.Api.Commons.CTable Onix.Api.Erp.Business.Admins.AuthenProviders.AuthenProviderFirebase::DeleteAccount(Onix.Api.Commons.CTable)
DA:43,0
DA:44,0
DA:45,0
FN:47,Onix.Api.Commons.CTable Onix.Api.Erp.Business.Admins.AuthenProviders.AuthenProviderFirebase::ChangePassword(Onix.Api.Commons.CTable)
FNDA:0,Onix.Api.Commons.CTable Onix.Api.Erp.Business.Admins.AuthenProviders.AuthenProviderFirebase::ChangePassword(Onix.Api.Commons.CTable)
DA:48,0
DA:49,0
DA:50,0
LF:26
LH:0
BRF:4
BRH:0
FNF:4
FNH:0
end_of_record
SF:D:\dev\projects\onix_workspace\onixapi\sources\Onix\Api\Erp\Business\Admins\AuthenProviders\AuthenProviderMocked.cs
FN:8,Onix.Api.Commons.CTable Onix.Api.Erp.Business.Admins.AuthenProviders.AuthenProviderMocked::Login(Onix.Api.Commons.CTable)
FNDA:2,Onix.Api.Commons.CTable Onix.Api.Erp.Business.Admins.AuthenProviders.AuthenProviderMocked::Login(Onix.Api.Commons.CTable)
DA:9,2
DA:10,2
DA:12,2
DA:13,2
DA:14,2
DA:15,1
DA:16,1
DA:19,1
DA:20,1
DA:21,1
DA:23,1
DA:24,1
BRDA:14,48,0,1
BRDA:14,48,1,1
FN:26,Onix.Api.Commons.CTable Onix.Api.Erp.Business.Admins.AuthenProviders.AuthenProviderMocked::CreateAccount(Onix.Api.Commons.CTable)
FNDA:0,Onix.Api.Commons.CTable Onix.Api.Erp.Business.Admins.AuthenProviders.AuthenProviderMocked::CreateAccount(Onix.Api.Commons.CTable)
DA:27,0
DA:28,0
DA:29,0
FN:31,Onix.Api.Commons.CTable Onix.Api.Erp.Business.Admins.AuthenProviders.AuthenProviderMocked::DeleteAccount(Onix.Api.Commons.CTable)
FNDA:0,Onix.Api.Commons.CTable Onix.Api.Erp.Business.Admins.AuthenProviders.AuthenProviderMocked::DeleteAccount(Onix.Api.Commons.CTable)
DA:32,0
DA:33,0
DA:34,0
FN:36,Onix.Api.Commons.CTable Onix.Api.Erp.Business.Admins.AuthenProviders.AuthenProviderMocked::ChangePassword(Onix.Api.Commons.CTable)
FNDA:0,Onix.Api.Commons.CTable Onix.Api.Erp.Business.Admins.AuthenProviders.AuthenProviderMocked::ChangePassword(Onix.Api.Commons.CTable)
DA:37,0
DA:38,0
DA:39,0
LF:21
LH:12
BRF:2
BRH:2
FNF:4
FNH:1
end_of_record
SF:D:\dev\projects\onix_workspace\onixapi\sources\Onix\Api\Commons\CField.cs
FN:16,System.String Onix.Api.Commons.CField::GetValue()
FNDA:575408,System.String Onix.Api.Commons.CField::GetValue()
DA:17,575408
DA:18,575408
DA:19,575408
FN:21,System.String Onix.Api.Commons.CField::GetName()
FNDA:6037,System.String Onix.Api.Commons.CField::GetName()
DA:22,6037
DA:23,6037
DA:24,6037
FN:26,System.Void Onix.Api.Commons.CField::SetValue(System.String)
FNDA:3517,System.Void Onix.Api.Commons.CField::SetValue(System.String)
DA:27,3517
DA:28,3517
DA:29,3517
FN:9,System.Void Onix.Api.Commons.CField::.ctor(System.String,System.String,System.String)
FNDA:721308,System.Void Onix.Api.Commons.CField::.ctor(System.String,System.String,System.String)
DA:10,721308
DA:11,721308
DA:12,721308
DA:13,721308
DA:14,721308
LF:14
LH:14
BRF:0
BRH:0
FNF:4
FNH:4
end_of_record
SF:D:\dev\projects\onix_workspace\onixapi\sources\Onix\Api\Commons\CTable.cs
FN:23,System.Void Onix.Api.Commons.CTable::DumpFields()
FNDA:1,System.Void Onix.Api.Commons.CTable::DumpFields()
DA:24,1
DA:25,1
DA:26,27
DA:27,12
DA:28,12
DA:29,12
DA:30,1
BRDA:26,70,1,12
BRDA:26,70,0,1
FN:32,System.Void Onix.Api.Commons.CTable::AddChildArray(System.String,System.Collections.ArrayList)
FNDA:11,System.Void Onix.Api.Commons.CTable::AddChildArray(System.String,System.Collections.ArrayList)
DA:33,11
DA:34,11
DA:35,11
FN:37,System.Void Onix.Api.Commons.CTable::RemoveChildArray(System.String)
FNDA:1,System.Void Onix.Api.Commons.CTable::RemoveChildArray(System.String)
DA:38,1
DA:39,1
DA:40,1
DA:41,1
DA:42,1
DA:43,1
BRDA:39,15,0,1
BRDA:39,15,1,1
FN:45,System.Collections.ArrayList Onix.Api.Commons.CTable::GetChildArray(System.String)
FNDA:8,System.Collections.ArrayList Onix.Api.Commons.CTable::GetChildArray(System.String)
DA:46,8
DA:47,8
DA:48,8
FN:50,System.Collections.Hashtable Onix.Api.Commons.CTable::GetChildHash()
FNDA:1016,System.Collections.Hashtable Onix.Api.Commons.CTable::GetChildHash()
DA:51,1016
DA:52,1016
DA:53,1016
FN:55,System.Void Onix.Api.Commons.CTable::AddField(System.String,System.String,System.String)
FNDA:721308,System.Void Onix.Api.Commons.CTable::AddField(System.String,System.String,System.String)
DA:56,721308
DA:57,721308
DA:58,721308
DA:59,721308
DA:60,721308
FN:62,System.Void Onix.Api.Commons.CTable::SetFieldValue(System.String,System.String)
FNDA:718816,System.Void Onix.Api.Commons.CTable::SetFieldValue(System.String,System.String)
DA:63,718816
DA:64,718816
DA:65,3517
DA:66,3517
DA:67,3517
DA:68,3517
DA:70,715299
DA:71,715299
DA:72,715299
DA:73,718816
BRDA:64,15,0,3517
BRDA:64,15,1,715299
FN:75,System.Void Onix.Api.Commons.CTable::SetFieldValue(System.String,System.Int32)
FNDA:196626,System.Void Onix.Api.Commons.CTable::SetFieldValue(System.String,System.Int32)
DA:76,196626
DA:77,196626
DA:78,196626
FN:80,System.Void Onix.Api.Commons.CTable::SetFieldValue(System.String,System.Double)
FNDA:54910,System.Void Onix.Api.Commons.CTable::SetFieldValue(System.String,System.Double)
DA:81,54910
DA:82,54910
DA:83,54910
FN:85,System.String Onix.Api.Commons.CTable::GetFieldValue(System.String)
FNDA:748680,System.String Onix.Api.Commons.CTable::GetFieldValue(System.String)
DA:86,748680
DA:87,748680
DA:88,569371
DA:89,569371
DA:90,569371
DA:93,179309
DA:94,748680
BRDA:87,15,0,569371
BRDA:87,15,1,179309
FN:96,System.Int32 Onix.Api.Commons.CTable::GetFieldValueInt(System.String)
FNDA:7646,System.Int32 Onix.Api.Commons.CTable::GetFieldValueInt(System.String)
DA:97,7646
DA:98,7646
DA:99,7646
DA:100,7646
FN:102,System.String Onix.Api.Commons.CTable::GetTableName()
FNDA:13,System.String Onix.Api.Commons.CTable::GetTableName()
DA:103,13
DA:104,13
DA:105,13
FN:107,System.Collections.ArrayList Onix.Api.Commons.CTable::GetTableFields()
FNDA:15,System.Collections.ArrayList Onix.Api.Commons.CTable::GetTableFields()
DA:108,15
DA:109,15
DA:110,15
FN:112,Onix.Api.Commons.CTable Onix.Api.Commons.CTable::CloneAll()
FNDA:1004,Onix.Api.Commons.CTable Onix.Api.Commons.CTable::CloneAll()
DA:113,1004
DA:114,1004
DA:116,15030
DA:117,6009
DA:118,6009
DA:119,6009
DA:121,1004
DA:122,3014
DA:123,1
DA:124,1
DA:126,1
DA:127,1
DA:129,7
DA:130,2
DA:131,2
DA:132,2
DA:133,2
DA:134,1
DA:136,1004
DA:137,1004
BRDA:116,72,1,6009
BRDA:116,72,0,1004
BRDA:122,259,1,1
BRDA:129,225,1,2
BRDA:129,225,0,1
BRDA:122,259,0,1004
FN:7,System.Void Onix.Api.Commons.CTable::.ctor(System.String)
FNDA:85346,System.Void Onix.Api.Commons.CTable::.ctor(System.String)
DA:8,85346
DA:9,85346
DA:11,85346
DA:12,85346
DA:14,1053
DA:15,1053
DA:16,1053
DA:17,1053
FN:18,System.Void Onix.Api.Commons.CTable::.ctor()
FNDA:84293,System.Void Onix.Api.Commons.CTable::.ctor()
DA:19,84293
DA:20,84293
DA:21,84293
LF:91
LH:91
BRF:14
BRH:14
FNF:16
FNH:16
end_of_record
SF:D:\dev\projects\onix_workspace\onixapi\sources\Onix\Api\Commons\ManipulationBase.cs
FN:12,System.Collections.ArrayList Onix.Api.Commons.ManipulationConfig::get_FieldConfigs()
FNDA:63294,System.Collections.ArrayList Onix.Api.Commons.ManipulationConfig::get_FieldConfigs()
DA:13,63294
FN:22,Microsoft.EntityFrameworkCore.DbContext Onix.Api.Commons.ManipulationBase::getContext()
FNDA:122388,Microsoft.EntityFrameworkCore.DbContext Onix.Api.Commons.ManipulationBase::getContext()
DA:23,122388
DA:24,122388
DA:25,122388
FN:32,System.Int32 Onix.Api.Commons.ManipulationBase::Apply(Onix.Api.Commons.CTable)
FNDA:0,System.Int32 Onix.Api.Commons.ManipulationBase::Apply(Onix.Api.Commons.CTable)
DA:33,0
DA:34,0
DA:35,0
FN:37,Onix.Api.Erp.Dao.Models.OnixBaseModel Onix.Api.Commons.ManipulationBase::createModel()
FNDA:0,Onix.Api.Erp.Dao.Models.OnixBaseModel Onix.Api.Commons.ManipulationBase::createModel()
DA:38,0
DA:39,0
DA:40,0
FN:42,Microsoft.EntityFrameworkCore.DbSet`1<T> Onix.Api.Commons.ManipulationBase::getDbSet()
FNDA:61194,Microsoft.EntityFrameworkCore.DbSet`1<T> Onix.Api.Commons.ManipulationBase::getDbSet()
DA:43,61194
DA:44,61194
DA:45,61194
DA:46,61194
DA:47,61194
FN:49,System.Void Onix.Api.Commons.ManipulationBase::populatePkProperty(Onix.Api.Erp.Dao.Models.OnixBaseModel,Onix.Api.Commons.CTable)
FNDA:2004,System.Void Onix.Api.Commons.ManipulationBase::populatePkProperty(Onix.Api.Erp.Dao.Models.OnixBaseModel,Onix.Api.Commons.CTable)
DA:50,2004
DA:51,32074
DA:52,13031
DA:53,13031
DA:54,11027
DA:55,11027
DA:60,2004
DA:61,2004
DA:62,2004
DA:63,2004
DA:64,2004
BRDA:51,120,1,13031
BRDA:53,58,0,11027
BRDA:53,58,1,2004
BRDA:51,120,0,2004
FN:66,System.Void Onix.Api.Commons.ManipulationBase::populateProperties(Onix.Api.Erp.Dao.Models.OnixBaseModel,Onix.Api.Commons.CTable)
FNDA:61194,System.Void Onix.Api.Commons.ManipulationBase::populateProperties(Onix.Api.Erp.Dao.Models.OnixBaseModel,Onix.Api.Commons.CTable)
DA:67,61194
DA:68,1659156
DA:69,737787
DA:70,737787
DA:71,737787
DA:73,737787
DA:74,737787
DA:75,737787
DA:76,228598
DA:77,228598
DA:78,199608
DA:79,199608
DA:80,199608
DA:81,228598
DA:82,509189
DA:83,108716
DA:84,108716
DA:85,54358
DA:86,54358
DA:87,54358
DA:88,108716
DA:90,400473
DA:91,400473
DA:92,400473
DA:93,737787
DA:94,61194
BRDA:68,277,1,737787
BRDA:75,106,0,621234
BRDA:75,106,1,116553
BRDA:75,132,0,228598
BRDA:77,148,0,199608
BRDA:77,148,1,228598
BRDA:75,132,1,509189
BRDA:82,191,0,454831
BRDA:82,191,1,54358
BRDA:82,217,0,108716
BRDA:84,233,0,54358
BRDA:84,233,1,108716
BRDA:82,217,1,400473
BRDA:68,277,0,61194
FN:96,System.Collections.ArrayList Onix.Api.Commons.ManipulationBase::setUpFieldConfigs(System.Collections.ArrayList)
FNDA:90,System.Collections.ArrayList Onix.Api.Commons.ManipulationBase::setUpFieldConfigs(System.Collections.ArrayList)
DA:97,90
DA:98,90
DA:99,2504
DA:100,1117
DA:101,1117
DA:102,1117
DA:103,1117
DA:105,1117
DA:106,1117
DA:107,1117
DA:108,1117
DA:109,176
DA:110,176
DA:111,176
DA:113,1117
DA:114,1117
DA:116,90
DA:117,90
BRDA:99,129,1,1117
BRDA:108,99,0,176
BRDA:108,99,1,1117
BRDA:99,129,0,90
FN:17,System.Void Onix.Api.Commons.ManipulationBase::.ctor(Microsoft.EntityFrameworkCore.DbContext)
FNDA:96,System.Void Onix.Api.Commons.ManipulationBase::.ctor(Microsoft.EntityFrameworkCore.DbContext)
DA:18,96
DA:19,96
DA:20,96
DA:27,96
DA:28,96
DA:29,96
DA:30,96
LF:77
LH:71
BRF:22
BRH:22
FNF:9
FNH:7
end_of_record
SF:D:\dev\projects\onix_workspace\onixapi\sources\Onix\Api\Commons\ManipulationDelete.cs
FN:17,System.Int32 Onix.Api.Commons.ManipulationDelete::Apply(Onix.Api.Commons.CTable)
FNDA:3505,System.Int32 Onix.Api.Commons.ManipulationDelete::Apply(Onix.Api.Commons.CTable)
DA:18,3505
DA:19,3505
DA:20,2505
DA:21,2505
FN:23,System.Void Onix.Api.Commons.ManipulationDelete::deleteData(Onix.Api.Commons.CTable)
FNDA:0,System.Void Onix.Api.Commons.ManipulationDelete::deleteData(Onix.Api.Commons.CTable)
DA:24,0
DA:26,0
FN:28,System.Void Onix.Api.Commons.ManipulationDelete::applyDelete(Onix.Api.Commons.CTable)
FNDA:3505,System.Void Onix.Api.Commons.ManipulationDelete::applyDelete(Onix.Api.Commons.CTable)
DA:29,3505
DA:30,3505
DA:32,3505
DA:33,3505
DA:35,3505
DA:37,3505
DA:39,3505
DA:40,2505
FN:42,System.Void Onix.Api.Commons.ManipulationDelete::setUp(Onix.Api.Commons.ConfigFields)
FNDA:6,System.Void Onix.Api.Commons.ManipulationDelete::setUp(Onix.Api.Commons.ConfigFields)
DA:43,6
DA:44,6
DA:45,0
DA:46,0
DA:49,6
DA:51,6
DA:52,30
DA:53,6
DA:54,6
DA:55,6
DA:56,6
DA:58,6
DA:59,6
DA:60,6
DA:62,6
DA:63,6
DA:65,6
DA:66,6
BRDA:44,7,0,0
BRDA:44,7,1,6
BRDA:52,125,1,6
BRDA:52,125,0,6
FN:12,System.Void Onix.Api.Commons.ManipulationDelete::.ctor(Microsoft.EntityFrameworkCore.DbContext)
FNDA:6,System.Void Onix.Api.Commons.ManipulationDelete::.ctor(Microsoft.EntityFrameworkCore.DbContext)
DA:13,6
DA:14,6
DA:15,6
LF:35
LH:31
BRF:4
BRH:3
FNF:5
FNH:4
end_of_record
SF:D:\dev\projects\onix_workspace\onixapi\sources\Onix\Api\Commons\ManipulationGetSeq.cs
FN:20,System.Int32 Onix.Api.Commons.ManipulationGetSeq::GetNextValue(System.String)
FNDA:0,System.Int32 Onix.Api.Commons.ManipulationGetSeq::GetNextValue(System.String)
DA:21,0
DA:22,0
DA:24,0
DA:26,0
DA:27,0
DA:28,0
DA:29,0
DA:30,0
DA:31,0
DA:32,0
DA:33,0
DA:34,0
DA:35,0
DA:36,0
DA:37,0
DA:39,0
DA:40,0
BRDA:32,81,0,0
BRDA:32,81,1,0
FN:12,System.Void Onix.Api.Commons.ManipulationGetSeq::.ctor(Microsoft.EntityFrameworkCore.DbContext)
FNDA:1,System.Void Onix.Api.Commons.ManipulationGetSeq::.ctor(Microsoft.EntityFrameworkCore.DbContext)
DA:13,1
DA:15,1
DA:16,1
DA:17,1
DA:18,1
LF:22
LH:5
BRF:2
BRH:0
FNF:2
FNH:1
end_of_record
SF:D:\dev\projects\onix_workspace\onixapi\sources\Onix\Api\Commons\ManipulationInsert.cs
FN:17,System.Int32 Onix.Api.Commons.ManipulationInsert::Apply(Onix.Api.Commons.CTable)
FNDA:55685,System.Int32 Onix.Api.Commons.ManipulationInsert::Apply(Onix.Api.Commons.CTable)
DA:18,55685
DA:19,55685
DA:20,55685
DA:21,55685
FN:23,System.Void Onix.Api.Commons.ManipulationInsert::addData(Onix.Api.Commons.CTable)
FNDA:0,System.Void Onix.Api.Commons.ManipulationInsert::addData(Onix.Api.Commons.CTable)
DA:24,0
DA:26,0
FN:28,System.Void Onix.Api.Commons.ManipulationInsert::applyAdd(Onix.Api.Commons.CTable)
FNDA:55685,System.Void Onix.Api.Commons.ManipulationInsert::applyAdd(Onix.Api.Commons.CTable)
DA:29,55685
DA:30,55685
DA:32,55685
DA:33,55685
DA:35,55685
DA:36,55685
DA:38,55685
DA:39,55685
DA:40,55685
FN:42,System.Void Onix.Api.Commons.ManipulationInsert::setUp(Onix.Api.Commons.ConfigFields)
FNDA:86,System.Void Onix.Api.Commons.ManipulationInsert::setUp(Onix.Api.Commons.ConfigFields)
DA:43,86
DA:44,86
DA:45,0
DA:46,0
DA:49,86
DA:52,86
DA:53,86
DA:55,86
DA:56,86
DA:57,86
BRDA:44,7,0,0
BRDA:44,7,1,86
FN:12,System.Void Onix.Api.Commons.ManipulationInsert::.ctor(Microsoft.EntityFrameworkCore.DbContext)
FNDA:86,System.Void Onix.Api.Commons.ManipulationInsert::.ctor(Microsoft.EntityFrameworkCore.DbContext)
DA:13,86
DA:14,86
DA:15,86
LF:28
LH:24
BRF:2
BRH:1
FNF:5
FNH:4
end_of_record
SF:D:\dev\projects\onix_workspace\onixapi\sources\Onix\Api\Commons\ManipulationUpdate.cs
FN:16,System.Int32 Onix.Api.Commons.ManipulationUpdate::Apply(Onix.Api.Commons.CTable)
FNDA:2004,System.Int32 Onix.Api.Commons.ManipulationUpdate::Apply(Onix.Api.Commons.CTable)
DA:17,2004
DA:18,2004
DA:19,2004
DA:20,2004
FN:22,System.Void Onix.Api.Commons.ManipulationUpdate::updateData(Onix.Api.Commons.CTable)
FNDA:0,System.Void Onix.Api.Commons.ManipulationUpdate::updateData(Onix.Api.Commons.CTable)
DA:23,0
DA:25,0
FN:27,System.Void Onix.Api.Commons.ManipulationUpdate::applyUpdate(Onix.Api.Commons.CTable)
FNDA:2004,System.Void Onix.Api.Commons.ManipulationUpdate::applyUpdate(Onix.Api.Commons.CTable)
DA:28,2004
DA:29,2004
DA:31,2004
DA:32,2004
DA:34,2004
DA:35,2004
DA:36,2004
DA:38,2004
DA:39,2004
DA:40,2004
FN:42,System.Void Onix.Api.Commons.ManipulationUpdate::setUp(Onix.Api.Commons.ConfigFields,System.String)
FNDA:4,System.Void Onix.Api.Commons.ManipulationUpdate::setUp(Onix.Api.Commons.ConfigFields,System.String)
DA:43,4
DA:44,4
DA:46,4
DA:47,0
DA:48,0
DA:51,4
DA:54,4
DA:56,4
DA:57,4
DA:58,4
BRDA:46,14,0,0
BRDA:46,14,1,4
FN:11,System.Void Onix.Api.Commons.ManipulationUpdate::.ctor(Microsoft.EntityFrameworkCore.DbContext)
FNDA:4,System.Void Onix.Api.Commons.ManipulationUpdate::.ctor(Microsoft.EntityFrameworkCore.DbContext)
DA:12,4
DA:13,4
DA:14,4
LF:29
LH:25
BRF:2
BRH:1
FNF:5
FNH:4
end_of_record
SF:D:\dev\projects\onix_workspace\onixapi\sources\Onix\Api\Commons\QueryBase.cs
FN:19,System.Void Onix.Api.Commons.QueryConfig::.ctor()
FNDA:92,System.Void Onix.Api.Commons.QueryConfig::.ctor()
DA:20,92
DA:21,92
DA:22,92
DA:23,92
FN:27,System.Void Onix.Api.Commons.QueryConfigParam::.ctor()
FNDA:92,System.Void Onix.Api.Commons.QueryConfigParam::.ctor()
DA:28,92
DA:29,92
DA:30,92
DA:31,92
FN:35,System.Void Onix.Api.Commons.FieldConfig::.ctor()
FNDA:2440,System.Void Onix.Api.Commons.FieldConfig::.ctor()
DA:36,2440
DA:37,2440
DA:38,2440
DA:39,2440
DA:40,2440
DA:41,2440
DA:42,2440
FN:54,Onix.Api.Commons.QueryConfig Onix.Api.Commons.QueryBase::getConfig(System.Int32)
FNDA:187,Onix.Api.Commons.QueryConfig Onix.Api.Commons.QueryBase::getConfig(System.Int32)
DA:55,187
DA:56,187
DA:57,187
FN:60,System.Void Onix.Api.Commons.QueryBase::setUp(Onix.Api.Commons.QueryDelegate,Onix.Api.Commons.PopulateCTable,Onix.Api.Commons.ConfigFields,Onix.Api.Commons.OrderByDelegate`1<Onix.Api.Commons.ViewBase>)
FNDA:92,System.Void Onix.Api.Commons.QueryBase::setUp(Onix.Api.Commons.QueryDelegate,Onix.Api.Commons.PopulateCTable,Onix.Api.Commons.ConfigFields,Onix.Api.Commons.OrderByDelegate`1<Onix.Api.Commons.ViewBase>)
DA:61,92
DA:62,92
DA:63,92
DA:64,92
DA:65,92
DA:67,92
DA:68,92
DA:69,92
DA:70,92
DA:71,2910
DA:72,1317
DA:73,1317
DA:74,1317
DA:75,1317
DA:77,1317
DA:78,1317
DA:79,1317
DA:80,1317
DA:81,1317
DA:82,1317
DA:83,1317
DA:85,1317
DA:86,1317
DA:88,92
DA:89,92
DA:91,92
DA:92,92
BRDA:67,35,0,92
BRDA:71,239,1,1317
BRDA:71,239,0,92
BRDA:67,35,1,92
FN:94,System.Linq.Expressions.Expression Onix.Api.Commons.QueryBase::performExpression(Onix.Api.Commons.CTable,Onix.Api.Commons.FieldConfig,System.Linq.Expressions.ParameterExpression,System.Linq.Expressions.Expression,System.Type)
FNDA:1170,System.Linq.Expressions.Expression Onix.Api.Commons.QueryBase::performExpression(Onix.Api.Commons.CTable,Onix.Api.Commons.FieldConfig,System.Linq.Expressions.ParameterExpression,System.Linq.Expressions.Expression,System.Type)
DA:95,1170
DA:96,1170
DA:98,1170
DA:99,1170
DA:101,1170
DA:102,12
DA:103,12
DA:104,12
DA:105,12
DA:106,1158
DA:107,6
DA:109,6
DA:110,6
DA:111,6
DA:112,1152
DA:113,2
DA:114,2
DA:115,2
DA:116,2
DA:117,1150
DA:118,10
DA:119,10
DA:120,10
DA:121,10
DA:122,1140
DA:123,10
DA:124,10
DA:125,10
DA:126,10
DA:127,1130
DA:128,4
DA:129,4
DA:130,4
DA:131,4
DA:132,1126
DA:133,3
DA:134,3
DA:135,3
DA:136,3
DA:137,1123
DA:138,12
DA:140,12
DA:141,12
DA:142,12
DA:144,1170
DA:145,1170
BRDA:101,46,0,59
BRDA:101,46,1,1111
BRDA:101,69,0,12
BRDA:101,69,1,1158
BRDA:106,104,0,47
BRDA:106,104,1,1111
BRDA:106,129,0,6
BRDA:106,129,1,1152
BRDA:112,164,0,41
BRDA:112,164,1,1111
BRDA:112,189,0,2
BRDA:112,189,1,1150
BRDA:117,224,0,39
BRDA:117,224,1,1111
BRDA:117,249,0,10
BRDA:117,249,1,1140
BRDA:122,286,0,29
BRDA:122,286,1,1111
BRDA:122,311,0,10
BRDA:122,311,1,1130
BRDA:127,348,0,19
BRDA:127,348,1,1111
BRDA:127,373,0,4
BRDA:127,373,1,1126
BRDA:132,405,0,15
BRDA:132,405,1,1111
BRDA:132,430,0,3
BRDA:132,430,1,1123
BRDA:137,469,0,12
BRDA:137,469,1,1170
FN:147,System.Linq.Expressions.Expression`1<System.Func`2<T,System.Boolean>> Onix.Api.Commons.QueryBase::getWhereLambda(Onix.Api.Commons.CTable)
FNDA:92,System.Linq.Expressions.Expression`1<System.Func`2<T,System.Boolean>> Onix.Api.Commons.QueryBase::getWhereLambda(Onix.Api.Commons.CTable)
DA:148,92
DA:149,92
DA:151,92
DA:152,92
DA:154,92
DA:155,2910
DA:156,1317
DA:157,1317
DA:158,147
DA:159,147
DA:162,1170
DA:163,1170
DA:165,92
DA:166,92
DA:167,2
DA:168,2
DA:169,2
DA:170,2
DA:172,92
DA:173,92
BRDA:155,110,1,1317
BRDA:157,84,0,147
BRDA:157,84,1,1170
BRDA:155,110,0,92
BRDA:166,158,0,2
BRDA:166,158,1,92
FN:180,System.Void Onix.Api.Commons.QueryBase::populateData(Onix.Api.Commons.CTable,Onix.Api.Commons.ViewBase,System.Collections.ArrayList)
FNDA:26513,System.Void Onix.Api.Commons.QueryBase::populateData(Onix.Api.Commons.CTable,Onix.Api.Commons.ViewBase,System.Collections.ArrayList)
DA:181,26513
DA:182,824121
DA:183,372291
DA:184,372291
DA:185,209877
DA:186,209877
DA:189,162414
DA:190,162414
DA:192,162414
DA:193,162414
DA:194,161322
DA:195,161322
DA:196,161322
DA:197,161322
DA:198,160220
DA:199,160220
DA:200,160220
DA:202,161322
DA:203,0
DA:204,0
DA:205,0
DA:206,161322
DA:207,162414
DA:208,162414
DA:209,26513
BRDA:182,188,1,372291
BRDA:184,40,0,209877
BRDA:184,40,1,162414
BRDA:193,90,0,161322
BRDA:197,132,0,160220
BRDA:197,132,1,161322
BRDA:202,154,0,0
BRDA:202,154,1,161322
BRDA:193,90,1,162414
BRDA:182,188,0,26513
FN:211,System.Linq.IQueryable Onix.Api.Commons.QueryBase::applyLimitOffset(System.Linq.IQueryable,System.Int32,Onix.Api.Commons.CTable)
FNDA:17,System.Linq.IQueryable Onix.Api.Commons.QueryBase::applyLimitOffset(System.Linq.IQueryable,System.Int32,Onix.Api.Commons.CTable)
DA:212,17
DA:213,17
DA:215,17
DA:216,17
DA:218,17
DA:219,17
DA:220,9
DA:222,9
DA:223,9
DA:225,17
DA:226,8
DA:227,8
DA:228,8
DA:230,17
DA:231,17
DA:233,17
DA:234,17
DA:235,17
BRDA:219,53,0,9
BRDA:219,53,1,17
BRDA:225,75,0,8
BRDA:225,75,1,17
FN:237,System.Collections.ArrayList Onix.Api.Commons.QueryBase::Query(Onix.Api.Commons.CTable,System.Boolean)
FNDA:92,System.Collections.ArrayList Onix.Api.Commons.QueryBase::Query(Onix.Api.Commons.CTable,System.Boolean)
DA:238,92
DA:239,92
DA:240,92
DA:242,92
DA:243,92
DA:245,92
DA:246,92
DA:247,92
DA:248,92
DA:249,92
DA:250,17
DA:251,17
DA:252,17
DA:254,92
DA:256,53302
DA:257,26513
DA:258,26513
DA:259,26513
DA:260,26513
DA:262,26513
DA:263,26513
DA:264,26513
DA:265,1101
DA:266,1101
DA:267,1101
DA:269,26513
DA:270,25962
DA:271,25962
DA:272,25962
DA:273,26513
DA:275,92
DA:276,92
BRDA:245,48,0,92
BRDA:249,81,0,17
BRDA:249,81,1,92
BRDA:245,48,1,92
BRDA:256,240,1,26513
BRDA:264,198,0,1101
BRDA:264,198,1,26513
BRDA:269,219,0,25962
BRDA:269,219,1,26513
BRDA:256,240,0,92
FN:278,System.Collections.ArrayList Onix.Api.Commons.QueryBase::Query(Onix.Api.Commons.CTable)
FNDA:6,System.Collections.ArrayList Onix.Api.Commons.QueryBase::Query(Onix.Api.Commons.CTable)
DA:279,6
DA:280,6
DA:281,6
DA:282,6
FN:284,System.Void Onix.Api.Commons.QueryBase::OverrideOrderBy(Onix.Api.Commons.OrderByDelegate`1<Onix.Api.Commons.ViewBase>)
FNDA:3,System.Void Onix.Api.Commons.QueryBase::OverrideOrderBy(Onix.Api.Commons.OrderByDelegate`1<Onix.Api.Commons.ViewBase>)
DA:285,3
DA:286,3
DA:287,3
DA:288,3
FN:290,System.Void Onix.Api.Commons.QueryBase::RegisterCustomerWhere(Onix.Api.Commons.CustomWhereExprDelegate)
FNDA:2,System.Void Onix.Api.Commons.QueryBase::RegisterCustomerWhere(Onix.Api.Commons.CustomWhereExprDelegate)
DA:291,2
DA:292,2
DA:293,2
FN:295,System.Void Onix.Api.Commons.QueryBase::RegisterQueryFilter(Onix.Api.Commons.QueryFilterDelegate)
FNDA:3,System.Void Onix.Api.Commons.QueryBase::RegisterQueryFilter(Onix.Api.Commons.QueryFilterDelegate)
DA:296,3
DA:297,3
DA:298,3
FN:300,System.Void Onix.Api.Commons.QueryBase::SetPageChunk(System.String,System.Int32)
FNDA:8,System.Void Onix.Api.Commons.QueryBase::SetPageChunk(System.String,System.Int32)
DA:301,8
DA:302,8
DA:303,8
DA:304,8
FN:306,System.Void Onix.Api.Commons.QueryBase::SetChunkSize(System.Int32)
FNDA:6,System.Void Onix.Api.Commons.QueryBase::SetChunkSize(System.Int32)
DA:307,6
DA:308,6
DA:309,6
FN:311,System.Int32 Onix.Api.Commons.QueryBase::GetTotalRow()
FNDA:7,System.Int32 Onix.Api.Commons.QueryBase::GetTotalRow()
DA:312,7
DA:313,7
DA:314,7
FN:316,System.Int32 Onix.Api.Commons.QueryBase::GetTotalChunk()
FNDA:6,System.Int32 Onix.Api.Commons.QueryBase::GetTotalChunk()
DA:317,6
DA:318,6
DA:319,6
FN:46,System.Void Onix.Api.Commons.QueryBase::.ctor(Microsoft.EntityFrameworkCore.DbContext)
FNDA:92,System.Void Onix.Api.Commons.QueryBase::.ctor(Microsoft.EntityFrameworkCore.DbContext)
DA:47,92
DA:48,92
DA:49,92
DA:50,92
DA:52,92
DA:175,92
DA:176,92
DA:177,92
DA:178,92
LF:222
LH:219
BRF:64
BRH:63
FNF:19
FNH:19
end_of_record
SF:D:\dev\projects\onix_workspace\onixapi\sources\Onix\Api\Commons\QueryExpression.cs
FN:14,System.Linq.Expressions.Expression Onix.Api.Commons.QueryExpression::GetExpression(System.Linq.Expressions.ParameterExpression,System.String)
FNDA:59,System.Linq.Expressions.Expression Onix.Api.Commons.QueryExpression::GetExpression(System.Linq.Expressions.ParameterExpression,System.String)
DA:15,59
DA:16,59
DA:17,413
DA:18,118
DA:19,118
DA:20,118
DA:22,59
DA:23,59
BRDA:17,48,1,118
BRDA:17,48,0,59
FN:25,System.Linq.Expressions.Expression Onix.Api.Commons.QueryExpression::getIntInSetExpr(System.Linq.Expressions.ParameterExpression,System.String,System.String)
FNDA:10,System.Linq.Expressions.Expression Onix.Api.Commons.QueryExpression::getIntInSetExpr(System.Linq.Expressions.ParameterExpression,System.String,System.String)
DA:26,10
DA:27,10
DA:28,10
DA:30,10
DA:31,10
DA:32,72
DA:33,26
DA:34,26
DA:35,24
DA:36,24
DA:37,24
DA:38,26
DA:39,10
DA:40,10
DA:42,10
DA:44,10
DA:45,10
DA:47,10
DA:48,10
BRDA:32,132,1,26
BRDA:34,91,0,24
BRDA:34,91,1,26
BRDA:32,132,0,10
FN:50,System.Linq.Expressions.Expression Onix.Api.Commons.QueryExpression::getStringInSetExpr(System.Linq.Expressions.ParameterExpression,System.String,System.String)
FNDA:10,System.Linq.Expressions.Expression Onix.Api.Commons.QueryExpression::getStringInSetExpr(System.Linq.Expressions.ParameterExpression,System.String,System.String)
DA:51,10
DA:52,10
DA:53,10
DA:55,10
DA:56,10
DA:57,72
DA:58,26
DA:59,26
DA:60,26
DA:61,10
DA:62,10
DA:64,10
DA:66,10
DA:68,10
DA:69,10
DA:71,10
DA:72,10
BRDA:57,97,1,26
BRDA:57,97,0,10
FN:74,System.Linq.Expressions.Expression Onix.Api.Commons.QueryExpression::GetInSetExpr(System.Linq.Expressions.ParameterExpression,System.String,System.String,System.Type)
FNDA:20,System.Linq.Expressions.Expression Onix.Api.Commons.QueryExpression::GetInSetExpr(System.Linq.Expressions.ParameterExpression,System.String,System.String,System.Type)
DA:75,20
DA:76,20
DA:77,20
DA:78,140
DA:79,40
DA:80,40
DA:81,40
DA:82,40
DA:84,20
DA:85,20
DA:86,10
DA:87,10
DA:88,10
DA:90,10
DA:91,10
DA:92,10
DA:94,20
DA:95,20
BRDA:78,64,1,40
BRDA:78,64,0,20
BRDA:85,88,0,10
BRDA:85,88,1,10
FN:97,System.Linq.Expressions.Expression Onix.Api.Commons.QueryExpression::GetNotInSetExpr(System.Linq.Expressions.ParameterExpression,System.String,System.String,System.Type)
FNDA:10,System.Linq.Expressions.Expression Onix.Api.Commons.QueryExpression::GetNotInSetExpr(System.Linq.Expressions.ParameterExpression,System.String,System.String,System.Type)
DA:98,10
DA:99,10
DA:100,10
DA:101,10
DA:102,10
FN:104,System.Linq.Expressions.Expression Onix.Api.Commons.QueryExpression::GetGreaterThanExpr(System.Linq.Expressions.ParameterExpression,System.String,System.String)
FNDA:4,System.Linq.Expressions.Expression Onix.Api.Commons.QueryExpression::GetGreaterThanExpr(System.Linq.Expressions.ParameterExpression,System.String,System.String)
DA:105,4
DA:106,4
DA:108,4
DA:109,4
DA:111,4
DA:113,4
DA:114,4
DA:115,4
DA:116,4
DA:118,4
DA:119,4
FN:121,System.Linq.Expressions.Expression Onix.Api.Commons.QueryExpression::GetLessThanExpr(System.Linq.Expressions.ParameterExpression,System.String,System.String)
FNDA:3,System.Linq.Expressions.Expression Onix.Api.Commons.QueryExpression::GetLessThanExpr(System.Linq.Expressions.ParameterExpression,System.String,System.String)
DA:122,3
DA:123,3
DA:125,3
DA:126,3
DA:128,3
DA:130,3
DA:131,3
DA:132,3
DA:133,3
DA:135,3
DA:136,3
FN:138,System.Linq.Expressions.Expression Onix.Api.Commons.QueryExpression::GetEqualsExpr(System.Linq.Expressions.ParameterExpression,System.String,System.String)
FNDA:6,System.Linq.Expressions.Expression Onix.Api.Commons.QueryExpression::GetEqualsExpr(System.Linq.Expressions.ParameterExpression,System.String,System.String)
DA:139,6
DA:140,6
DA:141,6
DA:143,6
DA:145,6
DA:146,6
FN:148,System.Linq.Expressions.Expression Onix.Api.Commons.QueryExpression::GetNullExpr(System.Linq.Expressions.ParameterExpression,System.String,System.String)
FNDA:2,System.Linq.Expressions.Expression Onix.Api.Commons.QueryExpression::GetNullExpr(System.Linq.Expressions.ParameterExpression,System.String,System.String)
DA:149,2
DA:150,2
DA:151,2
DA:153,2
DA:155,2
DA:156,1
DA:157,1
DA:160,1
DA:161,2
BRDA:155,37,0,1
BRDA:155,37,1,1
FN:163,System.Linq.Expressions.Expression Onix.Api.Commons.QueryExpression::GetEqualsExpr(System.Linq.Expressions.ParameterExpression,System.String,System.Int32)
FNDA:12,System.Linq.Expressions.Expression Onix.Api.Commons.QueryExpression::GetEqualsExpr(System.Linq.Expressions.ParameterExpression,System.String,System.Int32)
DA:164,12
DA:165,12
DA:166,12
DA:168,12
DA:170,12
DA:171,12
FN:173,System.Linq.Expressions.Expression Onix.Api.Commons.QueryExpression::convertToNullable(System.Linq.Expressions.Expression,System.Linq.Expressions.Expression)
FNDA:49,System.Linq.Expressions.Expression Onix.Api.Commons.QueryExpression::convertToNullable(System.Linq.Expressions.Expression,System.Linq.Expressions.Expression)
DA:174,49
DA:175,49
DA:176,49
DA:178,49
DA:179,4
DA:180,4
DA:183,45
DA:184,49
BRDA:176,14,0,4
BRDA:176,14,1,45
BRDA:178,44,0,4
BRDA:178,44,1,45
FN:186,System.Linq.Expressions.Expression Onix.Api.Commons.QueryExpression::GetLikeExpr(System.Linq.Expressions.ParameterExpression,System.String,System.String)
FNDA:12,System.Linq.Expressions.Expression Onix.Api.Commons.QueryExpression::GetLikeExpr(System.Linq.Expressions.ParameterExpression,System.String,System.String)
DA:187,12
DA:188,12
DA:189,12
DA:191,12
DA:193,12
DA:194,12
DA:195,12
DA:196,12
LF:126
LH:126
BRF:18
BRH:18
FNF:12
FNH:12
end_of_record
SF:D:\dev\projects\onix_workspace\onixapi\sources\Onix\Api\Commons\ViewBase.cs
FN:7,System.Void Onix.Api.Commons.ViewBase::.ctor()
FNDA:55471,System.Void Onix.Api.Commons.ViewBase::.ctor()
DA:8,55471
DA:9,55471
DA:10,55471
LF:3
LH:3
BRF:0
BRH:0
FNF:1
FNH:1
end_of_record
SF:D:\dev\projects\onix_workspace\onixapi\sources\Onix\Api\Commons\Business\BusinessOperationBase.cs
FN:14,Microsoft.EntityFrameworkCore.DbContext Onix.Api.Commons.Business.BusinessOperationBase::get_DbContext()
FNDA:2,Microsoft.EntityFrameworkCore.DbContext Onix.Api.Commons.Business.BusinessOperationBase::get_DbContext()
DA:15,2
DA:16,2
DA:17,2
FN:20,Onix.Api.Commons.CTable Onix.Api.Commons.Business.BusinessOperationBase::Execute(Onix.Api.Commons.CTable)
FNDA:0,Onix.Api.Commons.CTable Onix.Api.Commons.Business.BusinessOperationBase::Execute(Onix.Api.Commons.CTable)
DA:21,0
DA:22,0
DA:23,0
FN:25,Onix.Api.Commons.CTable Onix.Api.Commons.Business.BusinessOperationBase::Apply(Onix.Api.Commons.CTable,Microsoft.EntityFrameworkCore.DbContext)
FNDA:4,Onix.Api.Commons.CTable Onix.Api.Commons.Business.BusinessOperationBase::Apply(Onix.Api.Commons.CTable,Microsoft.EntityFrameworkCore.DbContext)
DA:26,4
DA:27,4
DA:29,4
DA:30,3
DA:31,3
FN:9,System.Void Onix.Api.Commons.Business.BusinessOperationBase::.ctor()
FNDA:4,System.Void Onix.Api.Commons.Business.BusinessOperationBase::.ctor()
DA:10,4
LF:12
LH:9
BRF:0
BRH:0
FNF:4
FNH:3
end_of_record
SF:D:\dev\projects\onix_workspace\onixapi\sources\Onix\Api\Commons\Business\BusinessOperationOption.cs
FN:14,System.Boolean Onix.Api.Commons.Business.BusinessOperationOption::IsRoleAllow(System.String)
FNDA:11,System.Boolean Onix.Api.Commons.Business.BusinessOperationOption::IsRoleAllow(System.String)
DA:15,11
DA:16,11
DA:17,3
DA:18,3
DA:21,8
DA:22,47
DA:23,13
DA:24,13
DA:25,3
DA:26,3
DA:28,10
DA:30,5
DA:31,11
BRDA:16,19,0,3
BRDA:16,19,1,8
BRDA:22,95,1,13
BRDA:24,76,0,3
BRDA:24,76,1,10
BRDA:22,95,0,5
FN:8,System.Void Onix.Api.Commons.Business.BusinessOperationOption::.ctor(System.String)
FNDA:11,System.Void Onix.Api.Commons.Business.BusinessOperationOption::.ctor(System.String)
DA:9,11
DA:10,11
DA:11,11
DA:12,11
LF:17
LH:17
BRF:6
BRH:6
FNF:2
FNH:2
end_of_record